Analysis & Synthesis report for control_unit
Thu Jun 09 20:46:27 2022
Quartus II Version 9.1 Build 350 03/24/2010 Service Pack 2 SJ Web Edition


---------------------
; Table of Contents ;
---------------------
  1. Legal Notice
  2. Analysis & Synthesis Summary
  3. Analysis & Synthesis Settings
  4. Parallel Compilation
  5. Analysis & Synthesis Source Files Read
  6. Analysis & Synthesis Resource Usage Summary
  7. Analysis & Synthesis Resource Utilization by Entity
  8. State Machine - |control_unit|pres_state
  9. General Register Statistics
 10. Multiplexer Restructuring Statistics (Restructuring Performed)
 11. Analysis & Synthesis Messages



----------------
; Legal Notice ;
----------------
Copyright (C) 1991-2010 Altera Corporation
Your use of Altera Corporation's design tools, logic functions 
and other software and tools, and its AMPP partner logic 
functions, and any output files from any of the foregoing 
(including device programming or simulation files), and any 
associated documentation or information are expressly subject 
to the terms and conditions of the Altera Program License 
Subscription Agreement, Altera MegaCore Function License 
Agreement, or other applicable license agreement, including, 
without limitation, that your use is for the sole purpose of 
programming logic devices manufactured by Altera and sold by 
Altera or its authorized distributors.  Please refer to the 
applicable agreement for further details.



+-----------------------------------------------------------------------------------+
; Analysis & Synthesis Summary                                                      ;
+------------------------------------+----------------------------------------------+
; Analysis & Synthesis Status        ; Successful - Thu Jun 09 20:46:27 2022        ;
; Quartus II Version                 ; 9.1 Build 350 03/24/2010 SP 2 SJ Web Edition ;
; Revision Name                      ; control_unit                                 ;
; Top-level Entity Name              ; control_unit                                 ;
; Family                             ; Cyclone II                                   ;
; Total logic elements               ; 94                                           ;
;     Total combinational functions  ; 93                                           ;
;     Dedicated logic registers      ; 3                                            ;
; Total registers                    ; 3                                            ;
; Total pins                         ; 35                                           ;
; Total virtual pins                 ; 0                                            ;
; Total memory bits                  ; 0                                            ;
; Embedded Multiplier 9-bit elements ; 0                                            ;
; Total PLLs                         ; 0                                            ;
+------------------------------------+----------------------------------------------+


+----------------------------------------------------------------------------------------------------------------------+
; Analysis & Synthesis Settings                                                                                        ;
+----------------------------------------------------------------------------+--------------------+--------------------+
; Option                                                                     ; Setting            ; Default Value      ;
+----------------------------------------------------------------------------+--------------------+--------------------+
; Device                                                                     ; EP2C35F672C6       ;                    ;
; Top-level entity name                                                      ; control_unit       ; control_unit       ;
; Family name                                                                ; Cyclone II         ; Stratix II         ;
; Use Generated Physical Constraints File                                    ; Off                ;                    ;
; Use smart compilation                                                      ; Off                ; Off                ;
; Enable parallel Assembler and TimeQuest Timing Analyzer during compilation ; On                 ; On                 ;
; Enable compact report table                                                ; Off                ; Off                ;
; Restructure Multiplexers                                                   ; Auto               ; Auto               ;
; Create Debugging Nodes for IP Cores                                        ; Off                ; Off                ;
; Preserve fewer node names                                                  ; On                 ; On                 ;
; Disable OpenCore Plus hardware evaluation                                  ; Off                ; Off                ;
; Verilog Version                                                            ; Verilog_2001       ; Verilog_2001       ;
; VHDL Version                                                               ; VHDL_1993          ; VHDL_1993          ;
; State Machine Processing                                                   ; Auto               ; Auto               ;
; Safe State Machine                                                         ; Off                ; Off                ;
; Extract Verilog State Machines                                             ; On                 ; On                 ;
; Extract VHDL State Machines                                                ; On                 ; On                 ;
; Ignore Verilog initial constructs                                          ; Off                ; Off                ;
; Iteration limit for constant Verilog loops                                 ; 5000               ; 5000               ;
; Iteration limit for non-constant Verilog loops                             ; 250                ; 250                ;
; Add Pass-Through Logic to Inferred RAMs                                    ; On                 ; On                 ;
; Parallel Synthesis                                                         ; On                 ; On                 ;
; DSP Block Balancing                                                        ; Auto               ; Auto               ;
; NOT Gate Push-Back                                                         ; On                 ; On                 ;
; Power-Up Don't Care                                                        ; On                 ; On                 ;
; Remove Redundant Logic Cells                                               ; Off                ; Off                ;
; Remove Duplicate Registers                                                 ; On                 ; On                 ;
; Ignore CARRY Buffers                                                       ; Off                ; Off                ;
; Ignore CASCADE Buffers                                                     ; Off                ; Off                ;
; Ignore GLOBAL Buffers                                                      ; Off                ; Off                ;
; Ignore ROW GLOBAL Buffers                                                  ; Off                ; Off                ;
; Ignore LCELL Buffers                                                       ; Off                ; Off                ;
; Ignore SOFT Buffers                                                        ; On                 ; On                 ;
; Limit AHDL Integers to 32 Bits                                             ; Off                ; Off                ;
; Optimization Technique                                                     ; Balanced           ; Balanced           ;
; Carry Chain Length                                                         ; 70                 ; 70                 ;
; Auto Carry Chains                                                          ; On                 ; On                 ;
; Auto Open-Drain Pins                                                       ; On                 ; On                 ;
; Perform WYSIWYG Primitive Resynthesis                                      ; Off                ; Off                ;
; Auto ROM Replacement                                                       ; On                 ; On                 ;
; Auto RAM Replacement                                                       ; On                 ; On                 ;
; Auto Shift Register Replacement                                            ; Auto               ; Auto               ;
; Auto Clock Enable Replacement                                              ; On                 ; On                 ;
; Strict RAM Replacement                                                     ; Off                ; Off                ;
; Allow Synchronous Control Signals                                          ; On                 ; On                 ;
; Force Use of Synchronous Clear Signals                                     ; Off                ; Off                ;
; Auto RAM to Logic Cell Conversion                                          ; Off                ; Off                ;
; Auto Resource Sharing                                                      ; Off                ; Off                ;
; Allow Any RAM Size For Recognition                                         ; Off                ; Off                ;
; Allow Any ROM Size For Recognition                                         ; Off                ; Off                ;
; Allow Any Shift Register Size For Recognition                              ; Off                ; Off                ;
; Use LogicLock Constraints during Resource Balancing                        ; On                 ; On                 ;
; Ignore translate_off and synthesis_off directives                          ; Off                ; Off                ;
; Timing-Driven Synthesis                                                    ; Off                ; Off                ;
; Show Parameter Settings Tables in Synthesis Report                         ; On                 ; On                 ;
; Ignore Maximum Fan-Out Assignments                                         ; Off                ; Off                ;
; Synchronization Register Chain Length                                      ; 2                  ; 2                  ;
; PowerPlay Power Optimization                                               ; Normal compilation ; Normal compilation ;
; HDL message level                                                          ; Level2             ; Level2             ;
; Suppress Register Optimization Related Messages                            ; Off                ; Off                ;
; Number of Removed Registers Reported in Synthesis Report                   ; 5000               ; 5000               ;
; Number of Inverted Registers Reported in Synthesis Report                  ; 100                ; 100                ;
; Clock MUX Protection                                                       ; On                 ; On                 ;
; Auto Gated Clock Conversion                                                ; Off                ; Off                ;
; Block Design Naming                                                        ; Auto               ; Auto               ;
; SDC constraint protection                                                  ; Off                ; Off                ;
; Synthesis Effort                                                           ; Auto               ; Auto               ;
; Shift Register Replacement - Allow Asynchronous Clear Signal               ; On                 ; On                 ;
; Analysis & Synthesis Message Level                                         ; Medium             ; Medium             ;
; Disable Register Merging Across Hierarchies                                ; Auto               ; Auto               ;
; Resource Aware Inference For Block RAM                                     ; On                 ; On                 ;
+----------------------------------------------------------------------------+--------------------+--------------------+


Parallel compilation was disabled, but you have multiple processors available. Enable parallel compilation to reduce compilation time.
+-------------------------------------+
; Parallel Compilation                ;
+----------------------------+--------+
; Processors                 ; Number ;
+----------------------------+--------+
; Number detected on machine ; 4      ;
; Maximum allowed            ; 1      ;
+----------------------------+--------+


+------------------------------------------------------------------------------------------------------------------------------------------------------------------+
; Analysis & Synthesis Source Files Read                                                                                                                           ;
+----------------------------------+-----------------+-----------------+-------------------------------------------------------------------------------------------+
; File Name with User-Entered Path ; Used in Netlist ; File Type       ; File Name with Absolute Path                                                              ;
+----------------------------------+-----------------+-----------------+-------------------------------------------------------------------------------------------+
; control_unit.vhd                 ; yes             ; User VHDL File  ; d:/users/1203016/Desktop/trab_final_git/TrabsReconfig/trab4/control_unit/control_unit.vhd ;
+----------------------------------+-----------------+-----------------+-------------------------------------------------------------------------------------------+


+--------------------------------------------------------+
; Analysis & Synthesis Resource Usage Summary            ;
+---------------------------------------------+----------+
; Resource                                    ; Usage    ;
+---------------------------------------------+----------+
; Estimated Total logic elements              ; 94       ;
;                                             ;          ;
; Total combinational functions               ; 93       ;
; Logic element usage by number of LUT inputs ;          ;
;     -- 4 input functions                    ; 67       ;
;     -- 3 input functions                    ; 20       ;
;     -- <=2 input functions                  ; 6        ;
;                                             ;          ;
; Logic elements by mode                      ;          ;
;     -- normal mode                          ; 93       ;
;     -- arithmetic mode                      ; 0        ;
;                                             ;          ;
; Total registers                             ; 3        ;
;     -- Dedicated logic registers            ; 3        ;
;     -- I/O registers                        ; 0        ;
;                                             ;          ;
; I/O pins                                    ; 35       ;
; Maximum fan-out node                        ; instr[9] ;
; Maximum fan-out                             ; 29       ;
; Total fan-out                               ; 360      ;
; Average fan-out                             ; 2.75     ;
+---------------------------------------------+----------+


+-----------------------------------------------------------------------------------------------------------------------------------------------------------------------------+
; Analysis & Synthesis Resource Utilization by Entity                                                                                                                         ;
+----------------------------+-------------------+--------------+-------------+--------------+---------+-----------+------+--------------+---------------------+--------------+
; Compilation Hierarchy Node ; LC Combinationals ; LC Registers ; Memory Bits ; DSP Elements ; DSP 9x9 ; DSP 18x18 ; Pins ; Virtual Pins ; Full Hierarchy Name ; Library Name ;
+----------------------------+-------------------+--------------+-------------+--------------+---------+-----------+------+--------------+---------------------+--------------+
; |control_unit              ; 93 (93)           ; 3 (3)        ; 0           ; 0            ; 0       ; 0         ; 35   ; 0            ; |control_unit       ; work         ;
+----------------------------+-------------------+--------------+-------------+--------------+---------+-----------+------+--------------+---------------------+--------------+
Note: For table entries with two numbers listed, the numbers in parentheses indicate the number of resources of the given type used by the specific entity alone. The numbers listed outside of parentheses indicate the total resources of the given type used by the specific entity and all of its sub-entities in the hierarchy.


Encoding Type:  One-Hot
+----------------------------------------------------------------------------------------+
; State Machine - |control_unit|pres_state                                               ;
+-----------------------+-----------------------+-----------------------+----------------+
; Name                  ; pres_state.fet_dec_ex ; pres_state.fetch_only ; pres_state.rst ;
+-----------------------+-----------------------+-----------------------+----------------+
; pres_state.rst        ; 0                     ; 0                     ; 0              ;
; pres_state.fetch_only ; 0                     ; 1                     ; 1              ;
; pres_state.fet_dec_ex ; 1                     ; 0                     ; 1              ;
+-----------------------+-----------------------+-----------------------+----------------+


+------------------------------------------------------+
; General Register Statistics                          ;
+----------------------------------------------+-------+
; Statistic                                    ; Value ;
+----------------------------------------------+-------+
; Total registers                              ; 3     ;
; Number of registers using Synchronous Clear  ; 0     ;
; Number of registers using Synchronous Load   ; 0     ;
; Number of registers using Asynchronous Clear ; 3     ;
; Number of registers using Asynchronous Load  ; 0     ;
; Number of registers using Clock Enable       ; 0     ;
; Number of registers using Preset             ; 0     ;
+----------------------------------------------+-------+


+------------------------------------------------------------------------------------------------------------------------------------------+
; Multiplexer Restructuring Statistics (Restructuring Performed)                                                                           ;
+--------------------+-----------+---------------+----------------------+------------------------+------------+----------------------------+
; Multiplexer Inputs ; Bus Width ; Baseline Area ; Area if Restructured ; Saving if Restructured ; Registered ; Example Multiplexer Output ;
+--------------------+-----------+---------------+----------------------+------------------------+------------+----------------------------+
; 3:1                ; 2 bits    ; 4 LEs         ; 2 LEs                ; 2 LEs                  ; No         ; |control_unit|next_state   ;
+--------------------+-----------+---------------+----------------------+------------------------+------------+----------------------------+


+-------------------------------+
; Analysis & Synthesis Messages ;
+-------------------------------+
Info: *******************************************************************
Info: Running Quartus II Analysis & Synthesis
    Info: Version 9.1 Build 350 03/24/2010 Service Pack 2 SJ Web Edition
    Info: Processing started: Thu Jun 09 20:46:25 2022
Info: Command: quartus_map --read_settings_files=on --write_settings_files=off control_unit -c control_unit
Info: Found 2 design units, including 1 entities, in source file /users/1203016/desktop/trab_final_git/trabsreconfig/trab3/ram_mem/ram_mem.vhd
    Info: Found design unit 1: RAM_mem-arch1
    Info: Found entity 1: RAM_mem
Info: Found 2 design units, including 1 entities, in source file /users/1203016/desktop/trab_final_git/trabsreconfig/trab3/port_io/port_io.vhd
    Info: Found design unit 1: Port_io-arch1
    Info: Found entity 1: Port_io
Info: Found 2 design units, including 1 entities, in source file /users/1203016/desktop/trab_final_git/trabsreconfig/trab2/w_reg/w_reg.vhd
    Info: Found design unit 1: w_reg-arch1
    Info: Found entity 1: w_reg
Info: Found 2 design units, including 1 entities, in source file /users/1203016/desktop/trab_final_git/trabsreconfig/trab2/status_reg/status_reg.vhd
    Info: Found design unit 1: Status_reg-arch1
    Info: Found entity 1: Status_reg
Info: Found 2 design units, including 1 entities, in source file /users/1203016/desktop/trab_final_git/trabsreconfig/trab2/stack/stack.vhd
    Info: Found design unit 1: Stack-arch1
    Info: Found entity 1: Stack
Info: Found 2 design units, including 1 entities, in source file /users/1203016/desktop/trab_final_git/trabsreconfig/trab2/pc_reg/pc_reg.vhd
    Info: Found design unit 1: PC_reg-arch1
    Info: Found entity 1: PC_reg
Info: Found 2 design units, including 1 entities, in source file /users/1203016/desktop/trab_final_git/trabsreconfig/trab2/fsr_reg/fsr_reg.vhd
    Info: Found design unit 1: FSR_reg-arch1
    Info: Found entity 1: FSR_reg
Info: Found 2 design units, including 1 entities, in source file /users/1203016/desktop/trab_final_git/trabsreconfig/trab1/mux/addr_mux.vhd
    Info: Found design unit 1: addr_mux-arch
    Info: Found entity 1: addr_mux
Info: Found 2 design units, including 1 entities, in source file /users/1203016/desktop/trab_final_git/trabsreconfig/trab1/alu/alu.vhd
    Info: Found design unit 1: alu-arch
    Info: Found entity 1: alu
Info: Found 2 design units, including 1 entities, in source file control_unit.vhd
    Info: Found design unit 1: control_unit-arch1
    Info: Found entity 1: control_unit
Info: Elaborating entity "control_unit" for the top level hierarchy
Warning (10492): VHDL Process Statement warning at control_unit.vhd(213): signal "alu_z" is read inside the Process Statement but isn't in the Process Statement's sensitivity list
Warning (10492): VHDL Process Statement warning at control_unit.vhd(240): signal "alu_z" is read inside the Process Statement but isn't in the Process Statement's sensitivity list
Warning (10620): VHDL warning at control_unit.vhd(331): comparison between unequal length operands always returns FALSE
Warning (10620): VHDL warning at control_unit.vhd(339): comparison between unequal length operands always returns FALSE
Warning (10620): VHDL warning at control_unit.vhd(347): comparison between unequal length operands always returns FALSE
Warning (10620): VHDL warning at control_unit.vhd(358): comparison between unequal length operands always returns FALSE
Warning (10620): VHDL warning at control_unit.vhd(369): comparison between unequal length operands always returns FALSE
Warning (10620): VHDL warning at control_unit.vhd(383): comparison between unequal length operands always returns FALSE
Warning (10620): VHDL warning at control_unit.vhd(393): comparison between unequal length operands always returns FALSE
Warning (10620): VHDL warning at control_unit.vhd(398): comparison between unequal length operands always returns FALSE
Warning (10620): VHDL warning at control_unit.vhd(414): comparison between unequal length operands always returns FALSE
Warning (10620): VHDL warning at control_unit.vhd(421): comparison between unequal length operands always returns FALSE
Warning (10620): VHDL warning at control_unit.vhd(426): comparison between unequal length operands always returns FALSE
Warning (10620): VHDL warning at control_unit.vhd(437): comparison between unequal length operands always returns FALSE
Warning (10620): VHDL warning at control_unit.vhd(444): comparison between unequal length operands always returns FALSE
Warning (10620): VHDL warning at control_unit.vhd(449): comparison between unequal length operands always returns FALSE
Warning: Output pins are stuck at VCC or GND
    Warning (13410): Pin "bit_sel[0]" is stuck at GND
    Warning (13410): Pin "bit_sel[1]" is stuck at GND
    Warning (13410): Pin "bit_sel[2]" is stuck at GND
    Warning (13410): Pin "inc_pc" is stuck at VCC
    Warning (13410): Pin "stack_push" is stuck at GND
    Warning (13410): Pin "stack_pop" is stuck at GND
Info: Implemented 129 device resources after synthesis - the final resource count might be different
    Info: Implemented 17 input pins
    Info: Implemented 18 output pins
    Info: Implemented 94 logic cells
Info: Quartus II Analysis & Synthesis was successful. 0 errors, 23 warnings
    Info: Peak virtual memory: 240 megabytes
    Info: Processing ended: Thu Jun 09 20:46:27 2022
    Info: Elapsed time: 00:00:02
    Info: Total CPU time (on all processors): 00:00:03


