Analysis & Synthesis report for main
Fri Jun 17 20:15:15 2022
Quartus II Version 9.1 Build 350 03/24/2010 Service Pack 2 SJ Web Edition


---------------------
; Table of Contents ;
---------------------
  1. Legal Notice
  2. Analysis & Synthesis Summary
  3. Analysis & Synthesis Settings
  4. Parallel Compilation
  5. Analysis & Synthesis Messages



----------------
; Legal Notice ;
----------------
Copyright (C) 1991-2010 Altera Corporation
Your use of Altera Corporation's design tools, logic functions 
and other software and tools, and its AMPP partner logic 
functions, and any output files from any of the foregoing 
(including device programming or simulation files), and any 
associated documentation or information are expressly subject 
to the terms and conditions of the Altera Program License 
Subscription Agreement, Altera MegaCore Function License 
Agreement, or other applicable license agreement, including, 
without limitation, that your use is for the sole purpose of 
programming logic devices manufactured by Altera and sold by 
Altera or its authorized distributors.  Please refer to the 
applicable agreement for further details.



+-----------------------------------------------------------------------------------+
; Analysis & Synthesis Summary                                                      ;
+------------------------------------+----------------------------------------------+
; Analysis & Synthesis Status        ; Failed - Fri Jun 17 20:15:15 2022            ;
; Quartus II Version                 ; 9.1 Build 350 03/24/2010 SP 2 SJ Web Edition ;
; Revision Name                      ; main                                         ;
; Top-level Entity Name              ; main                                         ;
; Family                             ; Cyclone II                                   ;
; Total logic elements               ; N/A until Partition Merge                    ;
;     Total combinational functions  ; N/A until Partition Merge                    ;
;     Dedicated logic registers      ; N/A until Partition Merge                    ;
; Total registers                    ; N/A until Partition Merge                    ;
; Total pins                         ; N/A until Partition Merge                    ;
; Total virtual pins                 ; N/A until Partition Merge                    ;
; Total memory bits                  ; N/A until Partition Merge                    ;
; Embedded Multiplier 9-bit elements ; N/A until Partition Merge                    ;
; Total PLLs                         ; N/A until Partition Merge                    ;
+------------------------------------+----------------------------------------------+


+----------------------------------------------------------------------------------------------------------------------+
; Analysis & Synthesis Settings                                                                                        ;
+----------------------------------------------------------------------------+--------------------+--------------------+
; Option                                                                     ; Setting            ; Default Value      ;
+----------------------------------------------------------------------------+--------------------+--------------------+
; Device                                                                     ; EP2C35F672C6       ;                    ;
; Top-level entity name                                                      ; main               ; main               ;
; Family name                                                                ; Cyclone II         ; Stratix II         ;
; Use Generated Physical Constraints File                                    ; Off                ;                    ;
; Use smart compilation                                                      ; Off                ; Off                ;
; Enable parallel Assembler and TimeQuest Timing Analyzer during compilation ; On                 ; On                 ;
; Enable compact report table                                                ; Off                ; Off                ;
; Restructure Multiplexers                                                   ; Auto               ; Auto               ;
; Create Debugging Nodes for IP Cores                                        ; Off                ; Off                ;
; Preserve fewer node names                                                  ; On                 ; On                 ;
; Disable OpenCore Plus hardware evaluation                                  ; Off                ; Off                ;
; Verilog Version                                                            ; Verilog_2001       ; Verilog_2001       ;
; VHDL Version                                                               ; VHDL_1993          ; VHDL_1993          ;
; State Machine Processing                                                   ; Auto               ; Auto               ;
; Safe State Machine                                                         ; Off                ; Off                ;
; Extract Verilog State Machines                                             ; On                 ; On                 ;
; Extract VHDL State Machines                                                ; On                 ; On                 ;
; Ignore Verilog initial constructs                                          ; Off                ; Off                ;
; Iteration limit for constant Verilog loops                                 ; 5000               ; 5000               ;
; Iteration limit for non-constant Verilog loops                             ; 250                ; 250                ;
; Add Pass-Through Logic to Inferred RAMs                                    ; On                 ; On                 ;
; Parallel Synthesis                                                         ; On                 ; On                 ;
; DSP Block Balancing                                                        ; Auto               ; Auto               ;
; NOT Gate Push-Back                                                         ; On                 ; On                 ;
; Power-Up Don't Care                                                        ; On                 ; On                 ;
; Remove Redundant Logic Cells                                               ; Off                ; Off                ;
; Remove Duplicate Registers                                                 ; On                 ; On                 ;
; Ignore CARRY Buffers                                                       ; Off                ; Off                ;
; Ignore CASCADE Buffers                                                     ; Off                ; Off                ;
; Ignore GLOBAL Buffers                                                      ; Off                ; Off                ;
; Ignore ROW GLOBAL Buffers                                                  ; Off                ; Off                ;
; Ignore LCELL Buffers                                                       ; Off                ; Off                ;
; Ignore SOFT Buffers                                                        ; On                 ; On                 ;
; Limit AHDL Integers to 32 Bits                                             ; Off                ; Off                ;
; Optimization Technique                                                     ; Balanced           ; Balanced           ;
; Carry Chain Length                                                         ; 70                 ; 70                 ;
; Auto Carry Chains                                                          ; On                 ; On                 ;
; Auto Open-Drain Pins                                                       ; On                 ; On                 ;
; Perform WYSIWYG Primitive Resynthesis                                      ; Off                ; Off                ;
; Auto ROM Replacement                                                       ; On                 ; On                 ;
; Auto RAM Replacement                                                       ; On                 ; On                 ;
; Auto Shift Register Replacement                                            ; Auto               ; Auto               ;
; Auto Clock Enable Replacement                                              ; On                 ; On                 ;
; Strict RAM Replacement                                                     ; Off                ; Off                ;
; Allow Synchronous Control Signals                                          ; On                 ; On                 ;
; Force Use of Synchronous Clear Signals                                     ; Off                ; Off                ;
; Auto RAM to Logic Cell Conversion                                          ; Off                ; Off                ;
; Auto Resource Sharing                                                      ; Off                ; Off                ;
; Allow Any RAM Size For Recognition                                         ; Off                ; Off                ;
; Allow Any ROM Size For Recognition                                         ; Off                ; Off                ;
; Allow Any Shift Register Size For Recognition                              ; Off                ; Off                ;
; Use LogicLock Constraints during Resource Balancing                        ; On                 ; On                 ;
; Ignore translate_off and synthesis_off directives                          ; Off                ; Off                ;
; Timing-Driven Synthesis                                                    ; Off                ; Off                ;
; Show Parameter Settings Tables in Synthesis Report                         ; On                 ; On                 ;
; Ignore Maximum Fan-Out Assignments                                         ; Off                ; Off                ;
; Synchronization Register Chain Length                                      ; 2                  ; 2                  ;
; PowerPlay Power Optimization                                               ; Normal compilation ; Normal compilation ;
; HDL message level                                                          ; Level2             ; Level2             ;
; Suppress Register Optimization Related Messages                            ; Off                ; Off                ;
; Number of Removed Registers Reported in Synthesis Report                   ; 5000               ; 5000               ;
; Number of Inverted Registers Reported in Synthesis Report                  ; 100                ; 100                ;
; Clock MUX Protection                                                       ; On                 ; On                 ;
; Auto Gated Clock Conversion                                                ; Off                ; Off                ;
; Block Design Naming                                                        ; Auto               ; Auto               ;
; SDC constraint protection                                                  ; Off                ; Off                ;
; Synthesis Effort                                                           ; Auto               ; Auto               ;
; Shift Register Replacement - Allow Asynchronous Clear Signal               ; On                 ; On                 ;
; Analysis & Synthesis Message Level                                         ; Medium             ; Medium             ;
; Disable Register Merging Across Hierarchies                                ; Auto               ; Auto               ;
; Resource Aware Inference For Block RAM                                     ; On                 ; On                 ;
+----------------------------------------------------------------------------+--------------------+--------------------+


Parallel compilation was disabled, but you have multiple processors available. Enable parallel compilation to reduce compilation time.
+-------------------------------------+
; Parallel Compilation                ;
+----------------------------+--------+
; Processors                 ; Number ;
+----------------------------+--------+
; Number detected on machine ; 4      ;
; Maximum allowed            ; 1      ;
+----------------------------+--------+


+-------------------------------+
; Analysis & Synthesis Messages ;
+-------------------------------+
Info: *******************************************************************
Info: Running Quartus II Analysis & Synthesis
    Info: Version 9.1 Build 350 03/24/2010 Service Pack 2 SJ Web Edition
    Info: Processing started: Fri Jun 17 20:15:14 2022
Info: Command: quartus_map --read_settings_files=on --write_settings_files=off main -c main
Warning: Tcl Script File ../ROM.qip not found
    Info: set_global_assignment -name QIP_FILE ../ROM.qip
Info: Found 1 design units, including 1 entities, in source file /users/gabriel/desktop/vhdl/trabsreconfig-main/rom/rom.tdf
    Info: Found entity 1: Rom
Info: Found 2 design units, including 1 entities, in source file /users/gabriel/desktop/vhdl/trabsreconfig-main/trab4/control_unit/control_unit.vhd
    Info: Found design unit 1: control_unit-arch1
    Info: Found entity 1: control_unit
Info: Found 2 design units, including 1 entities, in source file /users/gabriel/desktop/vhdl/trabsreconfig-main/trab3/ram_mem/ram_mem.vhd
    Info: Found design unit 1: RAM_mem-arch1
    Info: Found entity 1: RAM_mem
Info: Found 2 design units, including 1 entities, in source file /users/gabriel/desktop/vhdl/trabsreconfig-main/trab3/port_io/port_io.vhd
    Info: Found design unit 1: port_io-port_io_arch
    Info: Found entity 1: port_io
Info: Found 2 design units, including 1 entities, in source file /users/gabriel/desktop/vhdl/trabsreconfig-main/trab2/status_reg/status_reg.vhd
    Info: Found design unit 1: Status_reg-arch1
    Info: Found entity 1: Status_reg
Info: Found 2 design units, including 1 entities, in source file /users/gabriel/desktop/vhdl/trabsreconfig-main/trab2/stack/stack.vhd
    Info: Found design unit 1: Stack-arch1
    Info: Found entity 1: Stack
Info: Found 2 design units, including 1 entities, in source file /users/gabriel/desktop/vhdl/trabsreconfig-main/trab2/pc_reg/pc_reg.vhd
    Info: Found design unit 1: PC_reg-arch1
    Info: Found entity 1: PC_reg
Info: Found 2 design units, including 1 entities, in source file /users/gabriel/desktop/vhdl/trabsreconfig-main/trab2/fsr_reg/fsr_reg.vhd
    Info: Found design unit 1: FSR_reg-arch1
    Info: Found entity 1: FSR_reg
Info: Found 2 design units, including 1 entities, in source file /users/gabriel/desktop/vhdl/trabsreconfig-main/trab1/mux/addr_mux.vhd
    Info: Found design unit 1: addr_mux-arch
    Info: Found entity 1: addr_mux
Info: Found 2 design units, including 1 entities, in source file /users/gabriel/desktop/vhdl/trabsreconfig-main/trab1/alu/alu.vhd
    Info: Found design unit 1: alu-arch
    Info: Found entity 1: alu
Info: Found 2 design units, including 1 entities, in source file /users/gabriel/desktop/vhdl/trabsreconfig-main/trab2/w_reg/w_reg.vhd
    Info: Found design unit 1: w_reg-arch1
    Info: Found entity 1: w_reg
Warning: Using design file main.bdf, which is not specified as a design file for the current project, but contains definitions for 1 design units and 1 entities in project
    Info: Found entity 1: main
Info: Elaborating entity "main" for the top level hierarchy
Error: Width mismatch in port "dbus_in[7..0]" of instance "inst1" and type RAM_mem -- source is ""alu_z""
Error: Width mismatch in port "dbus_in[7..0]" of instance "inst3" and type FSR_reg -- source is ""alu_z""
Error: Width mismatch in port "dbus_in[7..0]" of instance "inst4" and type PC_reg -- source is ""alu_z""
Error: Width mismatch in port "dbus_in[7..0]" of instance "inst6" and type Status_reg -- source is ""alu_z""
Error: Width mismatch in port "d_in[7..0]" of instance "inst7" and type w_reg -- source is ""alu_z""
Error: Width mismatch in port "dbus_in[7..0]" of instance "inst10" and type Port_io -- source is ""alu_z""
Error: Width mismatch in port "dbus_in[7..0]" of instance "inst2" and type Port_io -- source is ""alu_z""
Error: Width mismatch in alu_z -- source is ""r_out[7..0]" (ID alu:inst8)"
Error: Width mismatch in alu_z -- source is ""r_out[7..0]" (ID alu:inst8)"
Error: Can't elaborate top-level user hierarchy
Error: Quartus II Analysis & Synthesis was unsuccessful. 10 errors, 2 warnings
    Error: Peak virtual memory: 234 megabytes
    Error: Processing ended: Fri Jun 17 20:15:15 2022
    Error: Elapsed time: 00:00:01
    Error: Total CPU time (on all processors): 00:00:01


