Simulator report for PC_reg
Mon Jun 27 16:28:30 2022
Quartus II Version 9.1 Build 350 03/24/2010 Service Pack 2 SJ Web Edition


---------------------
; Table of Contents ;
---------------------
  1. Legal Notice
  2. Simulator Summary
  3. Simulator Settings
  4. Simulation Waveforms
  5. Coverage Summary
  6. Complete 1/0-Value Coverage
  7. Missing 1-Value Coverage
  8. Missing 0-Value Coverage
  9. Simulator INI Usage
 10. Simulator Messages



----------------
; Legal Notice ;
----------------
Copyright (C) 1991-2010 Altera Corporation
Your use of Altera Corporation's design tools, logic functions 
and other software and tools, and its AMPP partner logic 
functions, and any output files from any of the foregoing 
(including device programming or simulation files), and any 
associated documentation or information are expressly subject 
to the terms and conditions of the Altera Program License 
Subscription Agreement, Altera MegaCore Function License 
Agreement, or other applicable license agreement, including, 
without limitation, that your use is for the sole purpose of 
programming logic devices manufactured by Altera and sold by 
Altera or its authorized distributors.  Please refer to the 
applicable agreement for further details.



+--------------------------------------------+
; Simulator Summary                          ;
+-----------------------------+--------------+
; Type                        ; Value        ;
+-----------------------------+--------------+
; Simulation Start Time       ; 0 ps         ;
; Simulation End Time         ; 1.0 us       ;
; Simulation Netlist Size     ; 488 nodes    ;
; Simulation Coverage         ;      90.33 % ;
; Total Number of Transitions ; 22418        ;
; Simulation Breakpoints      ; 0            ;
; Family                      ; Cyclone II   ;
+-----------------------------+--------------+


+-------------------------------------------------------------------------------------------------------------------------+
; Simulator Settings                                                                                                      ;
+--------------------------------------------------------------------------------------------+------------+---------------+
; Option                                                                                     ; Setting    ; Default Value ;
+--------------------------------------------------------------------------------------------+------------+---------------+
; Simulation mode                                                                            ; Functional ; Timing        ;
; Start time                                                                                 ; 0 ns       ; 0 ns          ;
; Simulation results format                                                                  ; CVWF       ;               ;
; Vector input source                                                                        ; PC_reg.vwf ;               ;
; Add pins automatically to simulation output waveforms                                      ; On         ; On            ;
; Check outputs                                                                              ; Off        ; Off           ;
; Report simulation coverage                                                                 ; On         ; On            ;
; Display complete 1/0 value coverage report                                                 ; On         ; On            ;
; Display missing 1-value coverage report                                                    ; On         ; On            ;
; Display missing 0-value coverage report                                                    ; On         ; On            ;
; Detect setup and hold time violations                                                      ; Off        ; Off           ;
; Detect glitches                                                                            ; Off        ; Off           ;
; Disable timing delays in Timing Simulation                                                 ; Off        ; Off           ;
; Generate Signal Activity File                                                              ; Off        ; Off           ;
; Generate VCD File for PowerPlay Power Analyzer                                             ; Off        ; Off           ;
; Group bus channels in simulation results                                                   ; Off        ; Off           ;
; Preserve fewer signal transitions to reduce memory requirements                            ; On         ; On            ;
; Trigger vector comparison with the specified mode                                          ; INPUT_EDGE ; INPUT_EDGE    ;
; Disable setup and hold time violations detection in input registers of bi-directional pins ; Off        ; Off           ;
; Overwrite Waveform Inputs With Simulation Outputs                                          ; On         ;               ;
; Perform Glitch Filtering in Timing Simulation                                              ; Auto       ; Auto          ;
+--------------------------------------------------------------------------------------------+------------+---------------+


+----------------------+
; Simulation Waveforms ;
+----------------------+
Waveform report data cannot be output to ASCII.
Please use Quartus II to view the waveform report data.


+--------------------------------------------------------------------+
; Coverage Summary                                                   ;
+-----------------------------------------------------+--------------+
; Type                                                ; Value        ;
+-----------------------------------------------------+--------------+
; Total coverage as a percentage                      ;      90.33 % ;
; Total nodes checked                                 ; 488          ;
; Total output ports checked                          ; 486          ;
; Total output ports with complete 1/0-value coverage ; 439          ;
; Total output ports with no 1/0-value coverage       ; 44           ;
; Total output ports with no 1-value coverage         ; 44           ;
; Total output ports with no 0-value coverage         ; 47           ;
+-----------------------------------------------------+--------------+


The following table displays output ports that toggle between 1 and 0 during simulation.
+--------------------------------------------------------------------+
; Complete 1/0-Value Coverage                                        ;
+------------------------+------------------------+------------------+
; Node Name              ; Output Port Name       ; Output Port Type ;
+------------------------+------------------------+------------------+
; |PC_reg|pc[12]         ; |PC_reg|pc[12]         ; regout           ;
; |PC_reg|pc[10]         ; |PC_reg|pc[10]         ; regout           ;
; |PC_reg|pc[9]          ; |PC_reg|pc[9]          ; regout           ;
; |PC_reg|pc[8]          ; |PC_reg|pc[8]          ; regout           ;
; |PC_reg|pc[7]          ; |PC_reg|pc[7]          ; regout           ;
; |PC_reg|pc[6]          ; |PC_reg|pc[6]          ; regout           ;
; |PC_reg|pc[5]          ; |PC_reg|pc[5]          ; regout           ;
; |PC_reg|pc[4]          ; |PC_reg|pc[4]          ; regout           ;
; |PC_reg|pc[3]          ; |PC_reg|pc[3]          ; regout           ;
; |PC_reg|pc[2]          ; |PC_reg|pc[2]          ; regout           ;
; |PC_reg|pc[1]          ; |PC_reg|pc[1]          ; regout           ;
; |PC_reg|process_1~0    ; |PC_reg|process_1~0    ; out0             ;
; |PC_reg|pc[0]          ; |PC_reg|pc[0]          ; regout           ;
; |PC_reg|pc_lath[7]     ; |PC_reg|pc_lath[7]     ; regout           ;
; |PC_reg|pc_lath[6]     ; |PC_reg|pc_lath[6]     ; regout           ;
; |PC_reg|pc_lath[5]     ; |PC_reg|pc_lath[5]     ; regout           ;
; |PC_reg|pc_lath[4]     ; |PC_reg|pc_lath[4]     ; regout           ;
; |PC_reg|pc_lath[3]     ; |PC_reg|pc_lath[3]     ; regout           ;
; |PC_reg|pc_lath[2]     ; |PC_reg|pc_lath[2]     ; regout           ;
; |PC_reg|pc_lath[1]     ; |PC_reg|pc_lath[1]     ; regout           ;
; |PC_reg|process_2~0    ; |PC_reg|process_2~0    ; out0             ;
; |PC_reg|nextpc~0       ; |PC_reg|nextpc~0       ; out              ;
; |PC_reg|nextpc~2       ; |PC_reg|nextpc~2       ; out              ;
; |PC_reg|nextpc~3       ; |PC_reg|nextpc~3       ; out              ;
; |PC_reg|nextpc~4       ; |PC_reg|nextpc~4       ; out              ;
; |PC_reg|nextpc~5       ; |PC_reg|nextpc~5       ; out              ;
; |PC_reg|nextpc~6       ; |PC_reg|nextpc~6       ; out              ;
; |PC_reg|nextpc~7       ; |PC_reg|nextpc~7       ; out              ;
; |PC_reg|nextpc~8       ; |PC_reg|nextpc~8       ; out              ;
; |PC_reg|nextpc~9       ; |PC_reg|nextpc~9       ; out              ;
; |PC_reg|nextpc~10      ; |PC_reg|nextpc~10      ; out              ;
; |PC_reg|nextpc~11      ; |PC_reg|nextpc~11      ; out              ;
; |PC_reg|nextpc~12      ; |PC_reg|nextpc~12      ; out              ;
; |PC_reg|nextpc~13      ; |PC_reg|nextpc~13      ; out              ;
; |PC_reg|nextpc~14      ; |PC_reg|nextpc~14      ; out              ;
; |PC_reg|nextpc~15      ; |PC_reg|nextpc~15      ; out              ;
; |PC_reg|nextpc~16      ; |PC_reg|nextpc~16      ; out              ;
; |PC_reg|nextpc~17      ; |PC_reg|nextpc~17      ; out              ;
; |PC_reg|nextpc~18      ; |PC_reg|nextpc~18      ; out              ;
; |PC_reg|nextpc~19      ; |PC_reg|nextpc~19      ; out              ;
; |PC_reg|nextpc~20      ; |PC_reg|nextpc~20      ; out              ;
; |PC_reg|nextpc~21      ; |PC_reg|nextpc~21      ; out              ;
; |PC_reg|nextpc~22      ; |PC_reg|nextpc~22      ; out              ;
; |PC_reg|nextpc~23      ; |PC_reg|nextpc~23      ; out              ;
; |PC_reg|nextpc~24      ; |PC_reg|nextpc~24      ; out              ;
; |PC_reg|nextpc~25      ; |PC_reg|nextpc~25      ; out              ;
; |PC_reg|nextpc~26      ; |PC_reg|nextpc~26      ; out              ;
; |PC_reg|nextpc~27      ; |PC_reg|nextpc~27      ; out              ;
; |PC_reg|nextpc~28      ; |PC_reg|nextpc~28      ; out              ;
; |PC_reg|nextpc~29      ; |PC_reg|nextpc~29      ; out              ;
; |PC_reg|nextpc~30      ; |PC_reg|nextpc~30      ; out              ;
; |PC_reg|nextpc~31      ; |PC_reg|nextpc~31      ; out              ;
; |PC_reg|nextpc~32      ; |PC_reg|nextpc~32      ; out              ;
; |PC_reg|nextpc~33      ; |PC_reg|nextpc~33      ; out              ;
; |PC_reg|nextpc~34      ; |PC_reg|nextpc~34      ; out              ;
; |PC_reg|nextpc~35      ; |PC_reg|nextpc~35      ; out              ;
; |PC_reg|nextpc~36      ; |PC_reg|nextpc~36      ; out              ;
; |PC_reg|nextpc~37      ; |PC_reg|nextpc~37      ; out              ;
; |PC_reg|nextpc~38      ; |PC_reg|nextpc~38      ; out              ;
; |PC_reg|nextpc~39      ; |PC_reg|nextpc~39      ; out              ;
; |PC_reg|nextpc~41      ; |PC_reg|nextpc~41      ; out              ;
; |PC_reg|nextpc~42      ; |PC_reg|nextpc~42      ; out              ;
; |PC_reg|nextpc~43      ; |PC_reg|nextpc~43      ; out              ;
; |PC_reg|nextpc~44      ; |PC_reg|nextpc~44      ; out              ;
; |PC_reg|nextpc~45      ; |PC_reg|nextpc~45      ; out              ;
; |PC_reg|nextpc~46      ; |PC_reg|nextpc~46      ; out              ;
; |PC_reg|nextpc~47      ; |PC_reg|nextpc~47      ; out              ;
; |PC_reg|nextpc~48      ; |PC_reg|nextpc~48      ; out              ;
; |PC_reg|nextpc~49      ; |PC_reg|nextpc~49      ; out              ;
; |PC_reg|nextpc~50      ; |PC_reg|nextpc~50      ; out              ;
; |PC_reg|nextpc~51      ; |PC_reg|nextpc~51      ; out              ;
; |PC_reg|stack_reg7[0]  ; |PC_reg|stack_reg7[0]  ; regout           ;
; |PC_reg|process_3~0    ; |PC_reg|process_3~0    ; out0             ;
; |PC_reg|process_3~1    ; |PC_reg|process_3~1    ; out0             ;
; |PC_reg|pc_lath[0]     ; |PC_reg|pc_lath[0]     ; regout           ;
; |PC_reg|stack_reg7~0   ; |PC_reg|stack_reg7~0   ; out              ;
; |PC_reg|stack_reg7~2   ; |PC_reg|stack_reg7~2   ; out              ;
; |PC_reg|stack_reg7~3   ; |PC_reg|stack_reg7~3   ; out              ;
; |PC_reg|stack_reg7~4   ; |PC_reg|stack_reg7~4   ; out              ;
; |PC_reg|stack_reg7~5   ; |PC_reg|stack_reg7~5   ; out              ;
; |PC_reg|stack_reg7~6   ; |PC_reg|stack_reg7~6   ; out              ;
; |PC_reg|stack_reg7~7   ; |PC_reg|stack_reg7~7   ; out              ;
; |PC_reg|stack_reg7~8   ; |PC_reg|stack_reg7~8   ; out              ;
; |PC_reg|stack_reg7~9   ; |PC_reg|stack_reg7~9   ; out              ;
; |PC_reg|stack_reg7~10  ; |PC_reg|stack_reg7~10  ; out              ;
; |PC_reg|stack_reg7~11  ; |PC_reg|stack_reg7~11  ; out              ;
; |PC_reg|stack_reg7~12  ; |PC_reg|stack_reg7~12  ; out              ;
; |PC_reg|stack_reg7~13  ; |PC_reg|stack_reg7~13  ; out              ;
; |PC_reg|stack_reg7~15  ; |PC_reg|stack_reg7~15  ; out              ;
; |PC_reg|stack_reg7~16  ; |PC_reg|stack_reg7~16  ; out              ;
; |PC_reg|stack_reg7~17  ; |PC_reg|stack_reg7~17  ; out              ;
; |PC_reg|stack_reg7~18  ; |PC_reg|stack_reg7~18  ; out              ;
; |PC_reg|stack_reg7~19  ; |PC_reg|stack_reg7~19  ; out              ;
; |PC_reg|stack_reg7~20  ; |PC_reg|stack_reg7~20  ; out              ;
; |PC_reg|stack_reg7~21  ; |PC_reg|stack_reg7~21  ; out              ;
; |PC_reg|stack_reg7~22  ; |PC_reg|stack_reg7~22  ; out              ;
; |PC_reg|stack_reg7~23  ; |PC_reg|stack_reg7~23  ; out              ;
; |PC_reg|stack_reg7~24  ; |PC_reg|stack_reg7~24  ; out              ;
; |PC_reg|stack_reg7~25  ; |PC_reg|stack_reg7~25  ; out              ;
; |PC_reg|stack_reg6~0   ; |PC_reg|stack_reg6~0   ; out              ;
; |PC_reg|stack_reg6~2   ; |PC_reg|stack_reg6~2   ; out              ;
; |PC_reg|stack_reg6~3   ; |PC_reg|stack_reg6~3   ; out              ;
; |PC_reg|stack_reg6~4   ; |PC_reg|stack_reg6~4   ; out              ;
; |PC_reg|stack_reg6~5   ; |PC_reg|stack_reg6~5   ; out              ;
; |PC_reg|stack_reg6~6   ; |PC_reg|stack_reg6~6   ; out              ;
; |PC_reg|stack_reg6~7   ; |PC_reg|stack_reg6~7   ; out              ;
; |PC_reg|stack_reg6~8   ; |PC_reg|stack_reg6~8   ; out              ;
; |PC_reg|stack_reg6~9   ; |PC_reg|stack_reg6~9   ; out              ;
; |PC_reg|stack_reg6~10  ; |PC_reg|stack_reg6~10  ; out              ;
; |PC_reg|stack_reg6~11  ; |PC_reg|stack_reg6~11  ; out              ;
; |PC_reg|stack_reg6~12  ; |PC_reg|stack_reg6~12  ; out              ;
; |PC_reg|stack_reg6~13  ; |PC_reg|stack_reg6~13  ; out              ;
; |PC_reg|stack_reg6~15  ; |PC_reg|stack_reg6~15  ; out              ;
; |PC_reg|stack_reg6~16  ; |PC_reg|stack_reg6~16  ; out              ;
; |PC_reg|stack_reg6~17  ; |PC_reg|stack_reg6~17  ; out              ;
; |PC_reg|stack_reg6~18  ; |PC_reg|stack_reg6~18  ; out              ;
; |PC_reg|stack_reg6~19  ; |PC_reg|stack_reg6~19  ; out              ;
; |PC_reg|stack_reg6~20  ; |PC_reg|stack_reg6~20  ; out              ;
; |PC_reg|stack_reg6~21  ; |PC_reg|stack_reg6~21  ; out              ;
; |PC_reg|stack_reg6~22  ; |PC_reg|stack_reg6~22  ; out              ;
; |PC_reg|stack_reg6~23  ; |PC_reg|stack_reg6~23  ; out              ;
; |PC_reg|stack_reg6~24  ; |PC_reg|stack_reg6~24  ; out              ;
; |PC_reg|stack_reg6~25  ; |PC_reg|stack_reg6~25  ; out              ;
; |PC_reg|stack_reg5~0   ; |PC_reg|stack_reg5~0   ; out              ;
; |PC_reg|stack_reg5~2   ; |PC_reg|stack_reg5~2   ; out              ;
; |PC_reg|stack_reg5~3   ; |PC_reg|stack_reg5~3   ; out              ;
; |PC_reg|stack_reg5~4   ; |PC_reg|stack_reg5~4   ; out              ;
; |PC_reg|stack_reg5~5   ; |PC_reg|stack_reg5~5   ; out              ;
; |PC_reg|stack_reg5~6   ; |PC_reg|stack_reg5~6   ; out              ;
; |PC_reg|stack_reg5~7   ; |PC_reg|stack_reg5~7   ; out              ;
; |PC_reg|stack_reg5~8   ; |PC_reg|stack_reg5~8   ; out              ;
; |PC_reg|stack_reg5~9   ; |PC_reg|stack_reg5~9   ; out              ;
; |PC_reg|stack_reg5~10  ; |PC_reg|stack_reg5~10  ; out              ;
; |PC_reg|stack_reg5~11  ; |PC_reg|stack_reg5~11  ; out              ;
; |PC_reg|stack_reg5~12  ; |PC_reg|stack_reg5~12  ; out              ;
; |PC_reg|stack_reg5~13  ; |PC_reg|stack_reg5~13  ; out              ;
; |PC_reg|stack_reg5~15  ; |PC_reg|stack_reg5~15  ; out              ;
; |PC_reg|stack_reg5~16  ; |PC_reg|stack_reg5~16  ; out              ;
; |PC_reg|stack_reg5~17  ; |PC_reg|stack_reg5~17  ; out              ;
; |PC_reg|stack_reg5~18  ; |PC_reg|stack_reg5~18  ; out              ;
; |PC_reg|stack_reg5~19  ; |PC_reg|stack_reg5~19  ; out              ;
; |PC_reg|stack_reg5~20  ; |PC_reg|stack_reg5~20  ; out              ;
; |PC_reg|stack_reg5~21  ; |PC_reg|stack_reg5~21  ; out              ;
; |PC_reg|stack_reg5~22  ; |PC_reg|stack_reg5~22  ; out              ;
; |PC_reg|stack_reg5~23  ; |PC_reg|stack_reg5~23  ; out              ;
; |PC_reg|stack_reg5~24  ; |PC_reg|stack_reg5~24  ; out              ;
; |PC_reg|stack_reg5~25  ; |PC_reg|stack_reg5~25  ; out              ;
; |PC_reg|stack_reg4~0   ; |PC_reg|stack_reg4~0   ; out              ;
; |PC_reg|stack_reg4~2   ; |PC_reg|stack_reg4~2   ; out              ;
; |PC_reg|stack_reg4~3   ; |PC_reg|stack_reg4~3   ; out              ;
; |PC_reg|stack_reg4~4   ; |PC_reg|stack_reg4~4   ; out              ;
; |PC_reg|stack_reg4~5   ; |PC_reg|stack_reg4~5   ; out              ;
; |PC_reg|stack_reg4~6   ; |PC_reg|stack_reg4~6   ; out              ;
; |PC_reg|stack_reg4~7   ; |PC_reg|stack_reg4~7   ; out              ;
; |PC_reg|stack_reg4~8   ; |PC_reg|stack_reg4~8   ; out              ;
; |PC_reg|stack_reg4~9   ; |PC_reg|stack_reg4~9   ; out              ;
; |PC_reg|stack_reg4~10  ; |PC_reg|stack_reg4~10  ; out              ;
; |PC_reg|stack_reg4~11  ; |PC_reg|stack_reg4~11  ; out              ;
; |PC_reg|stack_reg4~12  ; |PC_reg|stack_reg4~12  ; out              ;
; |PC_reg|stack_reg4~13  ; |PC_reg|stack_reg4~13  ; out              ;
; |PC_reg|stack_reg4~15  ; |PC_reg|stack_reg4~15  ; out              ;
; |PC_reg|stack_reg4~16  ; |PC_reg|stack_reg4~16  ; out              ;
; |PC_reg|stack_reg4~17  ; |PC_reg|stack_reg4~17  ; out              ;
; |PC_reg|stack_reg4~18  ; |PC_reg|stack_reg4~18  ; out              ;
; |PC_reg|stack_reg4~19  ; |PC_reg|stack_reg4~19  ; out              ;
; |PC_reg|stack_reg4~20  ; |PC_reg|stack_reg4~20  ; out              ;
; |PC_reg|stack_reg4~21  ; |PC_reg|stack_reg4~21  ; out              ;
; |PC_reg|stack_reg4~22  ; |PC_reg|stack_reg4~22  ; out              ;
; |PC_reg|stack_reg4~23  ; |PC_reg|stack_reg4~23  ; out              ;
; |PC_reg|stack_reg4~24  ; |PC_reg|stack_reg4~24  ; out              ;
; |PC_reg|stack_reg4~25  ; |PC_reg|stack_reg4~25  ; out              ;
; |PC_reg|stack_reg3~0   ; |PC_reg|stack_reg3~0   ; out              ;
; |PC_reg|stack_reg3~2   ; |PC_reg|stack_reg3~2   ; out              ;
; |PC_reg|stack_reg3~3   ; |PC_reg|stack_reg3~3   ; out              ;
; |PC_reg|stack_reg3~4   ; |PC_reg|stack_reg3~4   ; out              ;
; |PC_reg|stack_reg3~5   ; |PC_reg|stack_reg3~5   ; out              ;
; |PC_reg|stack_reg3~6   ; |PC_reg|stack_reg3~6   ; out              ;
; |PC_reg|stack_reg3~7   ; |PC_reg|stack_reg3~7   ; out              ;
; |PC_reg|stack_reg3~8   ; |PC_reg|stack_reg3~8   ; out              ;
; |PC_reg|stack_reg3~9   ; |PC_reg|stack_reg3~9   ; out              ;
; |PC_reg|stack_reg3~10  ; |PC_reg|stack_reg3~10  ; out              ;
; |PC_reg|stack_reg3~11  ; |PC_reg|stack_reg3~11  ; out              ;
; |PC_reg|stack_reg3~12  ; |PC_reg|stack_reg3~12  ; out              ;
; |PC_reg|stack_reg3~13  ; |PC_reg|stack_reg3~13  ; out              ;
; |PC_reg|stack_reg3~15  ; |PC_reg|stack_reg3~15  ; out              ;
; |PC_reg|stack_reg3~16  ; |PC_reg|stack_reg3~16  ; out              ;
; |PC_reg|stack_reg3~17  ; |PC_reg|stack_reg3~17  ; out              ;
; |PC_reg|stack_reg3~18  ; |PC_reg|stack_reg3~18  ; out              ;
; |PC_reg|stack_reg3~19  ; |PC_reg|stack_reg3~19  ; out              ;
; |PC_reg|stack_reg3~20  ; |PC_reg|stack_reg3~20  ; out              ;
; |PC_reg|stack_reg3~21  ; |PC_reg|stack_reg3~21  ; out              ;
; |PC_reg|stack_reg3~22  ; |PC_reg|stack_reg3~22  ; out              ;
; |PC_reg|stack_reg3~23  ; |PC_reg|stack_reg3~23  ; out              ;
; |PC_reg|stack_reg3~24  ; |PC_reg|stack_reg3~24  ; out              ;
; |PC_reg|stack_reg3~25  ; |PC_reg|stack_reg3~25  ; out              ;
; |PC_reg|stack_reg2~0   ; |PC_reg|stack_reg2~0   ; out              ;
; |PC_reg|stack_reg2~2   ; |PC_reg|stack_reg2~2   ; out              ;
; |PC_reg|stack_reg2~3   ; |PC_reg|stack_reg2~3   ; out              ;
; |PC_reg|stack_reg2~4   ; |PC_reg|stack_reg2~4   ; out              ;
; |PC_reg|stack_reg2~5   ; |PC_reg|stack_reg2~5   ; out              ;
; |PC_reg|stack_reg2~6   ; |PC_reg|stack_reg2~6   ; out              ;
; |PC_reg|stack_reg2~7   ; |PC_reg|stack_reg2~7   ; out              ;
; |PC_reg|stack_reg2~8   ; |PC_reg|stack_reg2~8   ; out              ;
; |PC_reg|stack_reg2~9   ; |PC_reg|stack_reg2~9   ; out              ;
; |PC_reg|stack_reg2~10  ; |PC_reg|stack_reg2~10  ; out              ;
; |PC_reg|stack_reg2~11  ; |PC_reg|stack_reg2~11  ; out              ;
; |PC_reg|stack_reg2~12  ; |PC_reg|stack_reg2~12  ; out              ;
; |PC_reg|stack_reg2~13  ; |PC_reg|stack_reg2~13  ; out              ;
; |PC_reg|stack_reg2~15  ; |PC_reg|stack_reg2~15  ; out              ;
; |PC_reg|stack_reg2~16  ; |PC_reg|stack_reg2~16  ; out              ;
; |PC_reg|stack_reg2~17  ; |PC_reg|stack_reg2~17  ; out              ;
; |PC_reg|stack_reg2~18  ; |PC_reg|stack_reg2~18  ; out              ;
; |PC_reg|stack_reg2~19  ; |PC_reg|stack_reg2~19  ; out              ;
; |PC_reg|stack_reg2~20  ; |PC_reg|stack_reg2~20  ; out              ;
; |PC_reg|stack_reg2~21  ; |PC_reg|stack_reg2~21  ; out              ;
; |PC_reg|stack_reg2~22  ; |PC_reg|stack_reg2~22  ; out              ;
; |PC_reg|stack_reg2~23  ; |PC_reg|stack_reg2~23  ; out              ;
; |PC_reg|stack_reg2~24  ; |PC_reg|stack_reg2~24  ; out              ;
; |PC_reg|stack_reg2~25  ; |PC_reg|stack_reg2~25  ; out              ;
; |PC_reg|stack_reg1~0   ; |PC_reg|stack_reg1~0   ; out              ;
; |PC_reg|stack_reg1~2   ; |PC_reg|stack_reg1~2   ; out              ;
; |PC_reg|stack_reg1~3   ; |PC_reg|stack_reg1~3   ; out              ;
; |PC_reg|stack_reg1~4   ; |PC_reg|stack_reg1~4   ; out              ;
; |PC_reg|stack_reg1~5   ; |PC_reg|stack_reg1~5   ; out              ;
; |PC_reg|stack_reg1~6   ; |PC_reg|stack_reg1~6   ; out              ;
; |PC_reg|stack_reg1~7   ; |PC_reg|stack_reg1~7   ; out              ;
; |PC_reg|stack_reg1~8   ; |PC_reg|stack_reg1~8   ; out              ;
; |PC_reg|stack_reg1~9   ; |PC_reg|stack_reg1~9   ; out              ;
; |PC_reg|stack_reg1~10  ; |PC_reg|stack_reg1~10  ; out              ;
; |PC_reg|stack_reg1~11  ; |PC_reg|stack_reg1~11  ; out              ;
; |PC_reg|stack_reg1~12  ; |PC_reg|stack_reg1~12  ; out              ;
; |PC_reg|stack_reg1~13  ; |PC_reg|stack_reg1~13  ; out              ;
; |PC_reg|stack_reg1~15  ; |PC_reg|stack_reg1~15  ; out              ;
; |PC_reg|stack_reg1~16  ; |PC_reg|stack_reg1~16  ; out              ;
; |PC_reg|stack_reg1~17  ; |PC_reg|stack_reg1~17  ; out              ;
; |PC_reg|stack_reg1~18  ; |PC_reg|stack_reg1~18  ; out              ;
; |PC_reg|stack_reg1~19  ; |PC_reg|stack_reg1~19  ; out              ;
; |PC_reg|stack_reg1~20  ; |PC_reg|stack_reg1~20  ; out              ;
; |PC_reg|stack_reg1~21  ; |PC_reg|stack_reg1~21  ; out              ;
; |PC_reg|stack_reg1~22  ; |PC_reg|stack_reg1~22  ; out              ;
; |PC_reg|stack_reg1~23  ; |PC_reg|stack_reg1~23  ; out              ;
; |PC_reg|stack_reg1~24  ; |PC_reg|stack_reg1~24  ; out              ;
; |PC_reg|stack_reg1~25  ; |PC_reg|stack_reg1~25  ; out              ;
; |PC_reg|stack_reg0~0   ; |PC_reg|stack_reg0~0   ; out              ;
; |PC_reg|stack_reg0~2   ; |PC_reg|stack_reg0~2   ; out              ;
; |PC_reg|stack_reg0~3   ; |PC_reg|stack_reg0~3   ; out              ;
; |PC_reg|stack_reg0~4   ; |PC_reg|stack_reg0~4   ; out              ;
; |PC_reg|stack_reg0~5   ; |PC_reg|stack_reg0~5   ; out              ;
; |PC_reg|stack_reg0~6   ; |PC_reg|stack_reg0~6   ; out              ;
; |PC_reg|stack_reg0~7   ; |PC_reg|stack_reg0~7   ; out              ;
; |PC_reg|stack_reg0~8   ; |PC_reg|stack_reg0~8   ; out              ;
; |PC_reg|stack_reg0~9   ; |PC_reg|stack_reg0~9   ; out              ;
; |PC_reg|stack_reg0~10  ; |PC_reg|stack_reg0~10  ; out              ;
; |PC_reg|stack_reg0~11  ; |PC_reg|stack_reg0~11  ; out              ;
; |PC_reg|stack_reg0~12  ; |PC_reg|stack_reg0~12  ; out              ;
; |PC_reg|stack_reg0~13  ; |PC_reg|stack_reg0~13  ; out              ;
; |PC_reg|stack_reg0~15  ; |PC_reg|stack_reg0~15  ; out              ;
; |PC_reg|stack_reg0~16  ; |PC_reg|stack_reg0~16  ; out              ;
; |PC_reg|stack_reg0~17  ; |PC_reg|stack_reg0~17  ; out              ;
; |PC_reg|stack_reg0~18  ; |PC_reg|stack_reg0~18  ; out              ;
; |PC_reg|stack_reg0~19  ; |PC_reg|stack_reg0~19  ; out              ;
; |PC_reg|stack_reg0~20  ; |PC_reg|stack_reg0~20  ; out              ;
; |PC_reg|stack_reg0~21  ; |PC_reg|stack_reg0~21  ; out              ;
; |PC_reg|stack_reg0~22  ; |PC_reg|stack_reg0~22  ; out              ;
; |PC_reg|stack_reg0~23  ; |PC_reg|stack_reg0~23  ; out              ;
; |PC_reg|stack_reg0~24  ; |PC_reg|stack_reg0~24  ; out              ;
; |PC_reg|stack_reg0~25  ; |PC_reg|stack_reg0~25  ; out              ;
; |PC_reg|dbus_out[0]~0  ; |PC_reg|dbus_out[0]~0  ; out              ;
; |PC_reg|stack_reg0[12] ; |PC_reg|stack_reg0[12] ; regout           ;
; |PC_reg|stack_reg0[10] ; |PC_reg|stack_reg0[10] ; regout           ;
; |PC_reg|stack_reg0[9]  ; |PC_reg|stack_reg0[9]  ; regout           ;
; |PC_reg|stack_reg0[8]  ; |PC_reg|stack_reg0[8]  ; regout           ;
; |PC_reg|stack_reg0[7]  ; |PC_reg|stack_reg0[7]  ; regout           ;
; |PC_reg|stack_reg0[6]  ; |PC_reg|stack_reg0[6]  ; regout           ;
; |PC_reg|stack_reg0[5]  ; |PC_reg|stack_reg0[5]  ; regout           ;
; |PC_reg|stack_reg0[4]  ; |PC_reg|stack_reg0[4]  ; regout           ;
; |PC_reg|stack_reg0[3]  ; |PC_reg|stack_reg0[3]  ; regout           ;
; |PC_reg|stack_reg0[2]  ; |PC_reg|stack_reg0[2]  ; regout           ;
; |PC_reg|stack_reg0[1]  ; |PC_reg|stack_reg0[1]  ; regout           ;
; |PC_reg|stack_reg0[0]  ; |PC_reg|stack_reg0[0]  ; regout           ;
; |PC_reg|stack_reg1[10] ; |PC_reg|stack_reg1[10] ; regout           ;
; |PC_reg|stack_reg1[9]  ; |PC_reg|stack_reg1[9]  ; regout           ;
; |PC_reg|stack_reg1[8]  ; |PC_reg|stack_reg1[8]  ; regout           ;
; |PC_reg|stack_reg1[7]  ; |PC_reg|stack_reg1[7]  ; regout           ;
; |PC_reg|stack_reg1[6]  ; |PC_reg|stack_reg1[6]  ; regout           ;
; |PC_reg|stack_reg1[5]  ; |PC_reg|stack_reg1[5]  ; regout           ;
; |PC_reg|stack_reg1[4]  ; |PC_reg|stack_reg1[4]  ; regout           ;
; |PC_reg|stack_reg1[3]  ; |PC_reg|stack_reg1[3]  ; regout           ;
; |PC_reg|stack_reg1[2]  ; |PC_reg|stack_reg1[2]  ; regout           ;
; |PC_reg|stack_reg1[1]  ; |PC_reg|stack_reg1[1]  ; regout           ;
; |PC_reg|stack_reg1[0]  ; |PC_reg|stack_reg1[0]  ; regout           ;
; |PC_reg|stack_reg2[10] ; |PC_reg|stack_reg2[10] ; regout           ;
; |PC_reg|stack_reg2[9]  ; |PC_reg|stack_reg2[9]  ; regout           ;
; |PC_reg|stack_reg2[8]  ; |PC_reg|stack_reg2[8]  ; regout           ;
; |PC_reg|stack_reg2[7]  ; |PC_reg|stack_reg2[7]  ; regout           ;
; |PC_reg|stack_reg2[6]  ; |PC_reg|stack_reg2[6]  ; regout           ;
; |PC_reg|stack_reg2[5]  ; |PC_reg|stack_reg2[5]  ; regout           ;
; |PC_reg|stack_reg2[4]  ; |PC_reg|stack_reg2[4]  ; regout           ;
; |PC_reg|stack_reg2[3]  ; |PC_reg|stack_reg2[3]  ; regout           ;
; |PC_reg|stack_reg2[2]  ; |PC_reg|stack_reg2[2]  ; regout           ;
; |PC_reg|stack_reg2[1]  ; |PC_reg|stack_reg2[1]  ; regout           ;
; |PC_reg|stack_reg2[0]  ; |PC_reg|stack_reg2[0]  ; regout           ;
; |PC_reg|stack_reg3[12] ; |PC_reg|stack_reg3[12] ; regout           ;
; |PC_reg|stack_reg3[10] ; |PC_reg|stack_reg3[10] ; regout           ;
; |PC_reg|stack_reg3[9]  ; |PC_reg|stack_reg3[9]  ; regout           ;
; |PC_reg|stack_reg3[8]  ; |PC_reg|stack_reg3[8]  ; regout           ;
; |PC_reg|stack_reg3[7]  ; |PC_reg|stack_reg3[7]  ; regout           ;
; |PC_reg|stack_reg3[6]  ; |PC_reg|stack_reg3[6]  ; regout           ;
; |PC_reg|stack_reg3[5]  ; |PC_reg|stack_reg3[5]  ; regout           ;
; |PC_reg|stack_reg3[4]  ; |PC_reg|stack_reg3[4]  ; regout           ;
; |PC_reg|stack_reg3[3]  ; |PC_reg|stack_reg3[3]  ; regout           ;
; |PC_reg|stack_reg3[2]  ; |PC_reg|stack_reg3[2]  ; regout           ;
; |PC_reg|stack_reg3[1]  ; |PC_reg|stack_reg3[1]  ; regout           ;
; |PC_reg|stack_reg3[0]  ; |PC_reg|stack_reg3[0]  ; regout           ;
; |PC_reg|stack_reg4[12] ; |PC_reg|stack_reg4[12] ; regout           ;
; |PC_reg|stack_reg4[10] ; |PC_reg|stack_reg4[10] ; regout           ;
; |PC_reg|stack_reg4[9]  ; |PC_reg|stack_reg4[9]  ; regout           ;
; |PC_reg|stack_reg4[8]  ; |PC_reg|stack_reg4[8]  ; regout           ;
; |PC_reg|stack_reg4[7]  ; |PC_reg|stack_reg4[7]  ; regout           ;
; |PC_reg|stack_reg4[6]  ; |PC_reg|stack_reg4[6]  ; regout           ;
; |PC_reg|stack_reg4[5]  ; |PC_reg|stack_reg4[5]  ; regout           ;
; |PC_reg|stack_reg4[4]  ; |PC_reg|stack_reg4[4]  ; regout           ;
; |PC_reg|stack_reg4[3]  ; |PC_reg|stack_reg4[3]  ; regout           ;
; |PC_reg|stack_reg4[2]  ; |PC_reg|stack_reg4[2]  ; regout           ;
; |PC_reg|stack_reg4[1]  ; |PC_reg|stack_reg4[1]  ; regout           ;
; |PC_reg|stack_reg4[0]  ; |PC_reg|stack_reg4[0]  ; regout           ;
; |PC_reg|stack_reg5[12] ; |PC_reg|stack_reg5[12] ; regout           ;
; |PC_reg|stack_reg5[10] ; |PC_reg|stack_reg5[10] ; regout           ;
; |PC_reg|stack_reg5[9]  ; |PC_reg|stack_reg5[9]  ; regout           ;
; |PC_reg|stack_reg5[8]  ; |PC_reg|stack_reg5[8]  ; regout           ;
; |PC_reg|stack_reg5[7]  ; |PC_reg|stack_reg5[7]  ; regout           ;
; |PC_reg|stack_reg5[6]  ; |PC_reg|stack_reg5[6]  ; regout           ;
; |PC_reg|stack_reg5[5]  ; |PC_reg|stack_reg5[5]  ; regout           ;
; |PC_reg|stack_reg5[4]  ; |PC_reg|stack_reg5[4]  ; regout           ;
; |PC_reg|stack_reg5[3]  ; |PC_reg|stack_reg5[3]  ; regout           ;
; |PC_reg|stack_reg5[2]  ; |PC_reg|stack_reg5[2]  ; regout           ;
; |PC_reg|stack_reg5[1]  ; |PC_reg|stack_reg5[1]  ; regout           ;
; |PC_reg|stack_reg5[0]  ; |PC_reg|stack_reg5[0]  ; regout           ;
; |PC_reg|stack_reg6[12] ; |PC_reg|stack_reg6[12] ; regout           ;
; |PC_reg|stack_reg6[10] ; |PC_reg|stack_reg6[10] ; regout           ;
; |PC_reg|stack_reg6[9]  ; |PC_reg|stack_reg6[9]  ; regout           ;
; |PC_reg|stack_reg6[8]  ; |PC_reg|stack_reg6[8]  ; regout           ;
; |PC_reg|stack_reg6[7]  ; |PC_reg|stack_reg6[7]  ; regout           ;
; |PC_reg|stack_reg6[6]  ; |PC_reg|stack_reg6[6]  ; regout           ;
; |PC_reg|stack_reg6[5]  ; |PC_reg|stack_reg6[5]  ; regout           ;
; |PC_reg|stack_reg6[4]  ; |PC_reg|stack_reg6[4]  ; regout           ;
; |PC_reg|stack_reg6[3]  ; |PC_reg|stack_reg6[3]  ; regout           ;
; |PC_reg|stack_reg6[2]  ; |PC_reg|stack_reg6[2]  ; regout           ;
; |PC_reg|stack_reg6[1]  ; |PC_reg|stack_reg6[1]  ; regout           ;
; |PC_reg|stack_reg6[0]  ; |PC_reg|stack_reg6[0]  ; regout           ;
; |PC_reg|stack_reg7[12] ; |PC_reg|stack_reg7[12] ; regout           ;
; |PC_reg|stack_reg7[10] ; |PC_reg|stack_reg7[10] ; regout           ;
; |PC_reg|stack_reg7[9]  ; |PC_reg|stack_reg7[9]  ; regout           ;
; |PC_reg|stack_reg7[8]  ; |PC_reg|stack_reg7[8]  ; regout           ;
; |PC_reg|stack_reg7[7]  ; |PC_reg|stack_reg7[7]  ; regout           ;
; |PC_reg|stack_reg7[6]  ; |PC_reg|stack_reg7[6]  ; regout           ;
; |PC_reg|stack_reg7[5]  ; |PC_reg|stack_reg7[5]  ; regout           ;
; |PC_reg|stack_reg7[4]  ; |PC_reg|stack_reg7[4]  ; regout           ;
; |PC_reg|stack_reg7[3]  ; |PC_reg|stack_reg7[3]  ; regout           ;
; |PC_reg|stack_reg7[2]  ; |PC_reg|stack_reg7[2]  ; regout           ;
; |PC_reg|stack_reg7[1]  ; |PC_reg|stack_reg7[1]  ; regout           ;
; |PC_reg|dbus_out[0]~1  ; |PC_reg|dbus_out[0]~1  ; out              ;
; |PC_reg|dbus_out[1]~2  ; |PC_reg|dbus_out[1]~2  ; out              ;
; |PC_reg|dbus_out[1]~3  ; |PC_reg|dbus_out[1]~3  ; out              ;
; |PC_reg|dbus_out[2]~4  ; |PC_reg|dbus_out[2]~4  ; out              ;
; |PC_reg|dbus_out[2]~5  ; |PC_reg|dbus_out[2]~5  ; out              ;
; |PC_reg|dbus_out[3]~6  ; |PC_reg|dbus_out[3]~6  ; out              ;
; |PC_reg|dbus_out[3]~7  ; |PC_reg|dbus_out[3]~7  ; out              ;
; |PC_reg|dbus_out[4]~8  ; |PC_reg|dbus_out[4]~8  ; out              ;
; |PC_reg|dbus_out[4]~9  ; |PC_reg|dbus_out[4]~9  ; out              ;
; |PC_reg|dbus_out[5]~10 ; |PC_reg|dbus_out[5]~10 ; out              ;
; |PC_reg|dbus_out[5]~11 ; |PC_reg|dbus_out[5]~11 ; out              ;
; |PC_reg|dbus_out[6]~12 ; |PC_reg|dbus_out[6]~12 ; out              ;
; |PC_reg|dbus_out[6]~13 ; |PC_reg|dbus_out[6]~13 ; out              ;
; |PC_reg|dbus_out[7]~14 ; |PC_reg|dbus_out[7]~14 ; out              ;
; |PC_reg|dbus_out[7]~15 ; |PC_reg|dbus_out[7]~15 ; out0             ;
; |PC_reg|dbus_out[7]~16 ; |PC_reg|dbus_out[7]~16 ; out              ;
; |PC_reg|clk_in         ; |PC_reg|clk_in         ; out              ;
; |PC_reg|addr_in[0]     ; |PC_reg|addr_in[0]     ; out              ;
; |PC_reg|addr_in[1]     ; |PC_reg|addr_in[1]     ; out              ;
; |PC_reg|addr_in[2]     ; |PC_reg|addr_in[2]     ; out              ;
; |PC_reg|addr_in[3]     ; |PC_reg|addr_in[3]     ; out              ;
; |PC_reg|addr_in[4]     ; |PC_reg|addr_in[4]     ; out              ;
; |PC_reg|addr_in[5]     ; |PC_reg|addr_in[5]     ; out              ;
; |PC_reg|addr_in[6]     ; |PC_reg|addr_in[6]     ; out              ;
; |PC_reg|addr_in[7]     ; |PC_reg|addr_in[7]     ; out              ;
; |PC_reg|addr_in[8]     ; |PC_reg|addr_in[8]     ; out              ;
; |PC_reg|addr_in[9]     ; |PC_reg|addr_in[9]     ; out              ;
; |PC_reg|addr_in[10]    ; |PC_reg|addr_in[10]    ; out              ;
; |PC_reg|abus_in[3]     ; |PC_reg|abus_in[3]     ; out              ;
; |PC_reg|dbus_in[0]     ; |PC_reg|dbus_in[0]     ; out              ;
; |PC_reg|dbus_in[1]     ; |PC_reg|dbus_in[1]     ; out              ;
; |PC_reg|dbus_in[2]     ; |PC_reg|dbus_in[2]     ; out              ;
; |PC_reg|dbus_in[3]     ; |PC_reg|dbus_in[3]     ; out              ;
; |PC_reg|dbus_in[4]     ; |PC_reg|dbus_in[4]     ; out              ;
; |PC_reg|dbus_in[5]     ; |PC_reg|dbus_in[5]     ; out              ;
; |PC_reg|dbus_in[6]     ; |PC_reg|dbus_in[6]     ; out              ;
; |PC_reg|dbus_in[7]     ; |PC_reg|dbus_in[7]     ; out              ;
; |PC_reg|inc_pc         ; |PC_reg|inc_pc         ; out              ;
; |PC_reg|load_pc        ; |PC_reg|load_pc        ; out              ;
; |PC_reg|wr_en          ; |PC_reg|wr_en          ; out              ;
; |PC_reg|rd_en          ; |PC_reg|rd_en          ; out              ;
; |PC_reg|stack_push     ; |PC_reg|stack_push     ; out              ;
; |PC_reg|stack_pop      ; |PC_reg|stack_pop      ; out              ;
; |PC_reg|nextpc_out[0]  ; |PC_reg|nextpc_out[0]  ; pin_out          ;
; |PC_reg|nextpc_out[1]  ; |PC_reg|nextpc_out[1]  ; pin_out          ;
; |PC_reg|nextpc_out[2]  ; |PC_reg|nextpc_out[2]  ; pin_out          ;
; |PC_reg|nextpc_out[3]  ; |PC_reg|nextpc_out[3]  ; pin_out          ;
; |PC_reg|nextpc_out[4]  ; |PC_reg|nextpc_out[4]  ; pin_out          ;
; |PC_reg|nextpc_out[5]  ; |PC_reg|nextpc_out[5]  ; pin_out          ;
; |PC_reg|nextpc_out[6]  ; |PC_reg|nextpc_out[6]  ; pin_out          ;
; |PC_reg|nextpc_out[7]  ; |PC_reg|nextpc_out[7]  ; pin_out          ;
; |PC_reg|nextpc_out[8]  ; |PC_reg|nextpc_out[8]  ; pin_out          ;
; |PC_reg|nextpc_out[9]  ; |PC_reg|nextpc_out[9]  ; pin_out          ;
; |PC_reg|nextpc_out[10] ; |PC_reg|nextpc_out[10] ; pin_out          ;
; |PC_reg|nextpc_out[12] ; |PC_reg|nextpc_out[12] ; pin_out          ;
; |PC_reg|dbus_out[0]    ; |PC_reg|dbus_out[0]    ; pin_out          ;
; |PC_reg|dbus_out[1]    ; |PC_reg|dbus_out[1]    ; pin_out          ;
; |PC_reg|dbus_out[2]    ; |PC_reg|dbus_out[2]    ; pin_out          ;
; |PC_reg|dbus_out[3]    ; |PC_reg|dbus_out[3]    ; pin_out          ;
; |PC_reg|dbus_out[4]    ; |PC_reg|dbus_out[4]    ; pin_out          ;
; |PC_reg|dbus_out[5]    ; |PC_reg|dbus_out[5]    ; pin_out          ;
; |PC_reg|dbus_out[6]    ; |PC_reg|dbus_out[6]    ; pin_out          ;
; |PC_reg|dbus_out[7]    ; |PC_reg|dbus_out[7]    ; pin_out          ;
; |PC_reg|Add0~0         ; |PC_reg|Add0~0         ; out0             ;
; |PC_reg|Add0~1         ; |PC_reg|Add0~1         ; out0             ;
; |PC_reg|Add0~2         ; |PC_reg|Add0~2         ; out0             ;
; |PC_reg|Add0~3         ; |PC_reg|Add0~3         ; out0             ;
; |PC_reg|Add0~4         ; |PC_reg|Add0~4         ; out0             ;
; |PC_reg|Add0~6         ; |PC_reg|Add0~6         ; out0             ;
; |PC_reg|Add0~8         ; |PC_reg|Add0~8         ; out0             ;
; |PC_reg|Add0~10        ; |PC_reg|Add0~10        ; out0             ;
; |PC_reg|Add0~12        ; |PC_reg|Add0~12        ; out0             ;
; |PC_reg|Add0~14        ; |PC_reg|Add0~14        ; out0             ;
; |PC_reg|Add0~16        ; |PC_reg|Add0~16        ; out0             ;
; |PC_reg|Add0~18        ; |PC_reg|Add0~18        ; out0             ;
; |PC_reg|Add0~22        ; |PC_reg|Add0~22        ; out0             ;
; |PC_reg|Equal0~0       ; |PC_reg|Equal0~0       ; out0             ;
; |PC_reg|Equal1~0       ; |PC_reg|Equal1~0       ; out0             ;
+------------------------+------------------------+------------------+


The following table displays output ports that do not toggle to 1 during simulation.
+--------------------------------------------------------------------+
; Missing 1-Value Coverage                                           ;
+------------------------+------------------------+------------------+
; Node Name              ; Output Port Name       ; Output Port Type ;
+------------------------+------------------------+------------------+
; |PC_reg|pc[11]         ; |PC_reg|pc[11]         ; regout           ;
; |PC_reg|nextpc~1       ; |PC_reg|nextpc~1       ; out              ;
; |PC_reg|nextpc~40      ; |PC_reg|nextpc~40      ; out              ;
; |PC_reg|stack_reg7~1   ; |PC_reg|stack_reg7~1   ; out              ;
; |PC_reg|stack_reg7~14  ; |PC_reg|stack_reg7~14  ; out              ;
; |PC_reg|stack_reg6~1   ; |PC_reg|stack_reg6~1   ; out              ;
; |PC_reg|stack_reg6~14  ; |PC_reg|stack_reg6~14  ; out              ;
; |PC_reg|stack_reg5~1   ; |PC_reg|stack_reg5~1   ; out              ;
; |PC_reg|stack_reg5~14  ; |PC_reg|stack_reg5~14  ; out              ;
; |PC_reg|stack_reg4~1   ; |PC_reg|stack_reg4~1   ; out              ;
; |PC_reg|stack_reg4~14  ; |PC_reg|stack_reg4~14  ; out              ;
; |PC_reg|stack_reg3~1   ; |PC_reg|stack_reg3~1   ; out              ;
; |PC_reg|stack_reg3~14  ; |PC_reg|stack_reg3~14  ; out              ;
; |PC_reg|stack_reg2~1   ; |PC_reg|stack_reg2~1   ; out              ;
; |PC_reg|stack_reg2~14  ; |PC_reg|stack_reg2~14  ; out              ;
; |PC_reg|stack_reg1~1   ; |PC_reg|stack_reg1~1   ; out              ;
; |PC_reg|stack_reg1~14  ; |PC_reg|stack_reg1~14  ; out              ;
; |PC_reg|stack_reg0~1   ; |PC_reg|stack_reg0~1   ; out              ;
; |PC_reg|stack_reg0~14  ; |PC_reg|stack_reg0~14  ; out              ;
; |PC_reg|stack_reg0[11] ; |PC_reg|stack_reg0[11] ; regout           ;
; |PC_reg|stack_reg1[11] ; |PC_reg|stack_reg1[11] ; regout           ;
; |PC_reg|stack_reg2[11] ; |PC_reg|stack_reg2[11] ; regout           ;
; |PC_reg|stack_reg3[11] ; |PC_reg|stack_reg3[11] ; regout           ;
; |PC_reg|stack_reg4[11] ; |PC_reg|stack_reg4[11] ; regout           ;
; |PC_reg|stack_reg5[11] ; |PC_reg|stack_reg5[11] ; regout           ;
; |PC_reg|stack_reg6[11] ; |PC_reg|stack_reg6[11] ; regout           ;
; |PC_reg|stack_reg7[11] ; |PC_reg|stack_reg7[11] ; regout           ;
; |PC_reg|abus_in[0]     ; |PC_reg|abus_in[0]     ; out              ;
; |PC_reg|abus_in[1]     ; |PC_reg|abus_in[1]     ; out              ;
; |PC_reg|abus_in[2]     ; |PC_reg|abus_in[2]     ; out              ;
; |PC_reg|abus_in[4]     ; |PC_reg|abus_in[4]     ; out              ;
; |PC_reg|abus_in[5]     ; |PC_reg|abus_in[5]     ; out              ;
; |PC_reg|abus_in[6]     ; |PC_reg|abus_in[6]     ; out              ;
; |PC_reg|nextpc_out[11] ; |PC_reg|nextpc_out[11] ; pin_out          ;
; |PC_reg|Add0~5         ; |PC_reg|Add0~5         ; out0             ;
; |PC_reg|Add0~7         ; |PC_reg|Add0~7         ; out0             ;
; |PC_reg|Add0~9         ; |PC_reg|Add0~9         ; out0             ;
; |PC_reg|Add0~11        ; |PC_reg|Add0~11        ; out0             ;
; |PC_reg|Add0~13        ; |PC_reg|Add0~13        ; out0             ;
; |PC_reg|Add0~15        ; |PC_reg|Add0~15        ; out0             ;
; |PC_reg|Add0~17        ; |PC_reg|Add0~17        ; out0             ;
; |PC_reg|Add0~19        ; |PC_reg|Add0~19        ; out0             ;
; |PC_reg|Add0~20        ; |PC_reg|Add0~20        ; out0             ;
; |PC_reg|Add0~21        ; |PC_reg|Add0~21        ; out0             ;
+------------------------+------------------------+------------------+


The following table displays output ports that do not toggle to 0 during simulation.
+--------------------------------------------------------------------+
; Missing 0-Value Coverage                                           ;
+------------------------+------------------------+------------------+
; Node Name              ; Output Port Name       ; Output Port Type ;
+------------------------+------------------------+------------------+
; |PC_reg|pc[11]         ; |PC_reg|pc[11]         ; regout           ;
; |PC_reg|nextpc~1       ; |PC_reg|nextpc~1       ; out              ;
; |PC_reg|nextpc~40      ; |PC_reg|nextpc~40      ; out              ;
; |PC_reg|stack_reg7~1   ; |PC_reg|stack_reg7~1   ; out              ;
; |PC_reg|stack_reg7~14  ; |PC_reg|stack_reg7~14  ; out              ;
; |PC_reg|stack_reg6~1   ; |PC_reg|stack_reg6~1   ; out              ;
; |PC_reg|stack_reg6~14  ; |PC_reg|stack_reg6~14  ; out              ;
; |PC_reg|stack_reg5~1   ; |PC_reg|stack_reg5~1   ; out              ;
; |PC_reg|stack_reg5~14  ; |PC_reg|stack_reg5~14  ; out              ;
; |PC_reg|stack_reg4~1   ; |PC_reg|stack_reg4~1   ; out              ;
; |PC_reg|stack_reg4~14  ; |PC_reg|stack_reg4~14  ; out              ;
; |PC_reg|stack_reg3~1   ; |PC_reg|stack_reg3~1   ; out              ;
; |PC_reg|stack_reg3~14  ; |PC_reg|stack_reg3~14  ; out              ;
; |PC_reg|stack_reg2~1   ; |PC_reg|stack_reg2~1   ; out              ;
; |PC_reg|stack_reg2~14  ; |PC_reg|stack_reg2~14  ; out              ;
; |PC_reg|stack_reg1~1   ; |PC_reg|stack_reg1~1   ; out              ;
; |PC_reg|stack_reg1~14  ; |PC_reg|stack_reg1~14  ; out              ;
; |PC_reg|stack_reg0~1   ; |PC_reg|stack_reg0~1   ; out              ;
; |PC_reg|stack_reg0~14  ; |PC_reg|stack_reg0~14  ; out              ;
; |PC_reg|stack_reg0[11] ; |PC_reg|stack_reg0[11] ; regout           ;
; |PC_reg|stack_reg1[12] ; |PC_reg|stack_reg1[12] ; regout           ;
; |PC_reg|stack_reg1[11] ; |PC_reg|stack_reg1[11] ; regout           ;
; |PC_reg|stack_reg2[12] ; |PC_reg|stack_reg2[12] ; regout           ;
; |PC_reg|stack_reg2[11] ; |PC_reg|stack_reg2[11] ; regout           ;
; |PC_reg|stack_reg3[11] ; |PC_reg|stack_reg3[11] ; regout           ;
; |PC_reg|stack_reg4[11] ; |PC_reg|stack_reg4[11] ; regout           ;
; |PC_reg|stack_reg5[11] ; |PC_reg|stack_reg5[11] ; regout           ;
; |PC_reg|stack_reg6[11] ; |PC_reg|stack_reg6[11] ; regout           ;
; |PC_reg|stack_reg7[11] ; |PC_reg|stack_reg7[11] ; regout           ;
; |PC_reg|nrst           ; |PC_reg|nrst           ; out              ;
; |PC_reg|abus_in[0]     ; |PC_reg|abus_in[0]     ; out              ;
; |PC_reg|abus_in[1]     ; |PC_reg|abus_in[1]     ; out              ;
; |PC_reg|abus_in[2]     ; |PC_reg|abus_in[2]     ; out              ;
; |PC_reg|abus_in[4]     ; |PC_reg|abus_in[4]     ; out              ;
; |PC_reg|abus_in[5]     ; |PC_reg|abus_in[5]     ; out              ;
; |PC_reg|abus_in[6]     ; |PC_reg|abus_in[6]     ; out              ;
; |PC_reg|nextpc_out[11] ; |PC_reg|nextpc_out[11] ; pin_out          ;
; |PC_reg|Add0~5         ; |PC_reg|Add0~5         ; out0             ;
; |PC_reg|Add0~7         ; |PC_reg|Add0~7         ; out0             ;
; |PC_reg|Add0~9         ; |PC_reg|Add0~9         ; out0             ;
; |PC_reg|Add0~11        ; |PC_reg|Add0~11        ; out0             ;
; |PC_reg|Add0~13        ; |PC_reg|Add0~13        ; out0             ;
; |PC_reg|Add0~15        ; |PC_reg|Add0~15        ; out0             ;
; |PC_reg|Add0~17        ; |PC_reg|Add0~17        ; out0             ;
; |PC_reg|Add0~19        ; |PC_reg|Add0~19        ; out0             ;
; |PC_reg|Add0~20        ; |PC_reg|Add0~20        ; out0             ;
; |PC_reg|Add0~21        ; |PC_reg|Add0~21        ; out0             ;
+------------------------+------------------------+------------------+


+---------------------+
; Simulator INI Usage ;
+--------+------------+
; Option ; Usage      ;
+--------+------------+


+--------------------+
; Simulator Messages ;
+--------------------+
Info: *******************************************************************
Info: Running Quartus II Simulator
    Info: Version 9.1 Build 350 03/24/2010 Service Pack 2 SJ Web Edition
    Info: Processing started: Mon Jun 27 16:28:29 2022
Info: Command: quartus_sim --read_settings_files=on --write_settings_files=off PC_reg -c PC_reg
Info: Using vector source file "C:/Users/GABRIEL/Desktop/vhdl/TrabsReconfig-main/trab2/PC_reg/PC_reg.vwf"
Info: Overwriting simulation input file with simulation results
    Info: A backup of PC_reg.vwf called PC_reg.sim_ori.vwf has been created in the db folder
Warning: Ignored node in vector source file. Can't find corresponding node name "stack_in[12]" in design.
Warning: Ignored node in vector source file. Can't find corresponding node name "stack_in[11]" in design.
Warning: Ignored node in vector source file. Can't find corresponding node name "stack_in[10]" in design.
Warning: Ignored node in vector source file. Can't find corresponding node name "stack_in[9]" in design.
Warning: Ignored node in vector source file. Can't find corresponding node name "stack_in[8]" in design.
Warning: Ignored node in vector source file. Can't find corresponding node name "stack_in[7]" in design.
Warning: Ignored node in vector source file. Can't find corresponding node name "stack_in[6]" in design.
Warning: Ignored node in vector source file. Can't find corresponding node name "stack_in[5]" in design.
Warning: Ignored node in vector source file. Can't find corresponding node name "stack_in[4]" in design.
Warning: Ignored node in vector source file. Can't find corresponding node name "stack_in[3]" in design.
Warning: Ignored node in vector source file. Can't find corresponding node name "stack_in[2]" in design.
Warning: Ignored node in vector source file. Can't find corresponding node name "stack_in[1]" in design.
Warning: Ignored node in vector source file. Can't find corresponding node name "stack_in[0]" in design.
Warning: Ignored node in vector source file. Can't find corresponding node name "stack_out[12]" in design.
Warning: Ignored node in vector source file. Can't find corresponding node name "stack_out[11]" in design.
Warning: Ignored node in vector source file. Can't find corresponding node name "stack_out[10]" in design.
Warning: Ignored node in vector source file. Can't find corresponding node name "stack_out[9]" in design.
Warning: Ignored node in vector source file. Can't find corresponding node name "stack_out[8]" in design.
Warning: Ignored node in vector source file. Can't find corresponding node name "stack_out[7]" in design.
Warning: Ignored node in vector source file. Can't find corresponding node name "stack_out[6]" in design.
Warning: Ignored node in vector source file. Can't find corresponding node name "stack_out[5]" in design.
Warning: Ignored node in vector source file. Can't find corresponding node name "stack_out[4]" in design.
Warning: Ignored node in vector source file. Can't find corresponding node name "stack_out[3]" in design.
Warning: Ignored node in vector source file. Can't find corresponding node name "stack_out[2]" in design.
Warning: Ignored node in vector source file. Can't find corresponding node name "stack_out[1]" in design.
Warning: Ignored node in vector source file. Can't find corresponding node name "stack_out[0]" in design.
Info: Option to preserve fewer signal transitions to reduce memory requirements is enabled
    Info: Simulation has been partitioned into sub-simulations according to the maximum transition count determined by the engine. Transitions from memory will be flushed out to disk at the end of each sub-simulation to reduce memory requirements.
Warning: Found clock-sensitive change during active clock edge at time 5.0 ns on register "|PC_reg|pc[7]"
Warning: Found clock-sensitive change during active clock edge at time 5.0 ns on register "|PC_reg|pc[6]"
Warning: Found clock-sensitive change during active clock edge at time 5.0 ns on register "|PC_reg|pc[5]"
Warning: Found clock-sensitive change during active clock edge at time 5.0 ns on register "|PC_reg|pc[3]"
Warning: Found clock-sensitive change during active clock edge at time 5.0 ns on register "|PC_reg|pc[2]"
Warning: Found clock-sensitive change during active clock edge at time 5.0 ns on register "|PC_reg|pc[1]"
Warning: Found clock-sensitive change during active clock edge at time 5.0 ns on register "|PC_reg|pc_lath[4]"
Warning: Found clock-sensitive change during active clock edge at time 5.0 ns on register "|PC_reg|pc_lath[3]"
Warning: Found clock-sensitive change during active clock edge at time 15.0 ns on register "|PC_reg|pc_lath[5]"
Warning: Found clock-sensitive change during active clock edge at time 15.0 ns on register "|PC_reg|pc_lath[2]"
Warning: Found clock-sensitive change during active clock edge at time 15.0 ns on register "|PC_reg|pc_lath[0]"
Warning: Found clock-sensitive change during active clock edge at time 25.0 ns on register "|PC_reg|pc[10]"
Warning: Found clock-sensitive change during active clock edge at time 25.0 ns on register "|PC_reg|pc[8]"
Warning: Found clock-sensitive change during active clock edge at time 25.0 ns on register "|PC_reg|pc[0]"
Warning: Found clock-sensitive change during active clock edge at time 25.0 ns on register "|PC_reg|pc_lath[6]"
Warning: Found clock-sensitive change during active clock edge at time 25.0 ns on register "|PC_reg|pc_lath[1]"
Warning: Found clock-sensitive change during active clock edge at time 35.0 ns on register "|PC_reg|pc_lath[7]"
Warning: Found clock-sensitive change during active clock edge at time 65.0 ns on register "|PC_reg|stack_reg0[10]"
Warning: Found clock-sensitive change during active clock edge at time 65.0 ns on register "|PC_reg|stack_reg0[7]"
Warning: Found clock-sensitive change during active clock edge at time 65.0 ns on register "|PC_reg|stack_reg0[6]"
Warning: Found clock-sensitive change during active clock edge at time 65.0 ns on register "|PC_reg|stack_reg0[5]"
Warning: Found clock-sensitive change during active clock edge at time 65.0 ns on register "|PC_reg|stack_reg0[3]"
Warning: Found clock-sensitive change during active clock edge at time 85.0 ns on register "|PC_reg|pc[4]"
Warning: Found clock-sensitive change during active clock edge at time 85.0 ns on register "|PC_reg|stack_reg0[0]"
Warning: Found clock-sensitive change during active clock edge at time 105.0 ns on register "|PC_reg|stack_reg0[4]"
Warning: Found clock-sensitive change during active clock edge at time 105.0 ns on register "|PC_reg|stack_reg1[10]"
Warning: Found clock-sensitive change during active clock edge at time 105.0 ns on register "|PC_reg|stack_reg1[7]"
Warning: Found clock-sensitive change during active clock edge at time 105.0 ns on register "|PC_reg|stack_reg1[6]"
Warning: Found clock-sensitive change during active clock edge at time 105.0 ns on register "|PC_reg|stack_reg1[5]"
Warning: Found clock-sensitive change during active clock edge at time 105.0 ns on register "|PC_reg|stack_reg1[3]"
Warning: Found clock-sensitive change during active clock edge at time 105.0 ns on register "|PC_reg|stack_reg1[0]"
Warning: Found clock-sensitive change during active clock edge at time 115.0 ns on register "|PC_reg|stack_reg0[1]"
Warning: Found clock-sensitive change during active clock edge at time 115.0 ns on register "|PC_reg|stack_reg1[4]"
Warning: Found clock-sensitive change during active clock edge at time 115.0 ns on register "|PC_reg|stack_reg2[10]"
Warning: Found clock-sensitive change during active clock edge at time 115.0 ns on register "|PC_reg|stack_reg2[7]"
Warning: Found clock-sensitive change during active clock edge at time 115.0 ns on register "|PC_reg|stack_reg2[6]"
Warning: Found clock-sensitive change during active clock edge at time 115.0 ns on register "|PC_reg|stack_reg2[5]"
Warning: Found clock-sensitive change during active clock edge at time 115.0 ns on register "|PC_reg|stack_reg2[3]"
Warning: Found clock-sensitive change during active clock edge at time 115.0 ns on register "|PC_reg|stack_reg2[0]"
Warning: Found clock-sensitive change during active clock edge at time 125.0 ns on register "|PC_reg|pc[12]"
Warning: Found clock-sensitive change during active clock edge at time 125.0 ns on register "|PC_reg|pc[9]"
Warning: Found clock-sensitive change during active clock edge at time 135.0 ns on register "|PC_reg|stack_reg0[12]"
Warning: Found clock-sensitive change during active clock edge at time 135.0 ns on register "|PC_reg|stack_reg0[9]"
Warning: Found clock-sensitive change during active clock edge at time 185.0 ns on register "|PC_reg|stack_reg0[2]"
Warning: Found clock-sensitive change during active clock edge at time 185.0 ns on register "|PC_reg|stack_reg2[4]"
Warning: Found clock-sensitive change during active clock edge at time 185.0 ns on register "|PC_reg|stack_reg3[10]"
Warning: Found clock-sensitive change during active clock edge at time 185.0 ns on register "|PC_reg|stack_reg3[7]"
Warning: Found clock-sensitive change during active clock edge at time 185.0 ns on register "|PC_reg|stack_reg3[6]"
Warning: Found clock-sensitive change during active clock edge at time 185.0 ns on register "|PC_reg|stack_reg3[5]"
Warning: Found clock-sensitive change during active clock edge at time 185.0 ns on register "|PC_reg|stack_reg3[4]"
Warning: Found clock-sensitive change during active clock edge at time 185.0 ns on register "|PC_reg|stack_reg3[3]"
Warning: Found clock-sensitive change during active clock edge at time 185.0 ns on register "|PC_reg|stack_reg3[0]"
Warning: Found clock-sensitive change during active clock edge at time 185.0 ns on register "|PC_reg|stack_reg4[10]"
Warning: Found clock-sensitive change during active clock edge at time 185.0 ns on register "|PC_reg|stack_reg4[7]"
Warning: Found clock-sensitive change during active clock edge at time 185.0 ns on register "|PC_reg|stack_reg4[6]"
Warning: Found clock-sensitive change during active clock edge at time 185.0 ns on register "|PC_reg|stack_reg4[5]"
Warning: Found clock-sensitive change during active clock edge at time 185.0 ns on register "|PC_reg|stack_reg4[3]"
Warning: Found clock-sensitive change during active clock edge at time 185.0 ns on register "|PC_reg|stack_reg4[0]"
Warning: Found clock-sensitive change during active clock edge at time 245.0 ns on register "|PC_reg|stack_reg4[4]"
Warning: Found clock-sensitive change during active clock edge at time 245.0 ns on register "|PC_reg|stack_reg5[10]"
Warning: Found clock-sensitive change during active clock edge at time 245.0 ns on register "|PC_reg|stack_reg5[7]"
Warning: Found clock-sensitive change during active clock edge at time 245.0 ns on register "|PC_reg|stack_reg5[6]"
Warning: Found clock-sensitive change during active clock edge at time 245.0 ns on register "|PC_reg|stack_reg5[5]"
Warning: Found clock-sensitive change during active clock edge at time 245.0 ns on register "|PC_reg|stack_reg5[3]"
Warning: Found clock-sensitive change during active clock edge at time 245.0 ns on register "|PC_reg|stack_reg5[0]"
Warning: Found clock-sensitive change during active clock edge at time 315.0 ns on register "|PC_reg|stack_reg0[8]"
Warning: Found clock-sensitive change during active clock edge at time 355.0 ns on register "|PC_reg|stack_reg1[1]"
Warning: Found clock-sensitive change during active clock edge at time 395.0 ns on register "|PC_reg|stack_reg1[12]"
Warning: Found clock-sensitive change during active clock edge at time 395.0 ns on register "|PC_reg|stack_reg1[8]"
Warning: Found clock-sensitive change during active clock edge at time 395.0 ns on register "|PC_reg|stack_reg1[2]"
Warning: Found clock-sensitive change during active clock edge at time 395.0 ns on register "|PC_reg|stack_reg2[1]"
Warning: Found clock-sensitive change during active clock edge at time 435.0 ns on register "|PC_reg|stack_reg1[9]"
Warning: Found clock-sensitive change during active clock edge at time 435.0 ns on register "|PC_reg|stack_reg2[12]"
Warning: Found clock-sensitive change during active clock edge at time 435.0 ns on register "|PC_reg|stack_reg2[8]"
Warning: Found clock-sensitive change during active clock edge at time 435.0 ns on register "|PC_reg|stack_reg2[2]"
Warning: Found clock-sensitive change during active clock edge at time 435.0 ns on register "|PC_reg|stack_reg3[1]"
Warning: Found clock-sensitive change during active clock edge at time 465.0 ns on register "|PC_reg|stack_reg2[9]"
Warning: Found clock-sensitive change during active clock edge at time 465.0 ns on register "|PC_reg|stack_reg3[12]"
Warning: Found clock-sensitive change during active clock edge at time 465.0 ns on register "|PC_reg|stack_reg3[8]"
Warning: Found clock-sensitive change during active clock edge at time 465.0 ns on register "|PC_reg|stack_reg3[2]"
Warning: Found clock-sensitive change during active clock edge at time 465.0 ns on register "|PC_reg|stack_reg4[1]"
Warning: Found clock-sensitive change during active clock edge at time 465.0 ns on register "|PC_reg|stack_reg5[4]"
Warning: Found clock-sensitive change during active clock edge at time 465.0 ns on register "|PC_reg|stack_reg6[10]"
Warning: Found clock-sensitive change during active clock edge at time 465.0 ns on register "|PC_reg|stack_reg6[7]"
Warning: Found clock-sensitive change during active clock edge at time 465.0 ns on register "|PC_reg|stack_reg6[6]"
Warning: Found clock-sensitive change during active clock edge at time 465.0 ns on register "|PC_reg|stack_reg6[5]"
Warning: Found clock-sensitive change during active clock edge at time 465.0 ns on register "|PC_reg|stack_reg6[3]"
Warning: Found clock-sensitive change during active clock edge at time 465.0 ns on register "|PC_reg|stack_reg6[0]"
Warning: Found clock-sensitive change during active clock edge at time 475.0 ns on register "|PC_reg|stack_reg7[0]"
Warning: Found clock-sensitive change during active clock edge at time 475.0 ns on register "|PC_reg|stack_reg3[9]"
Warning: Found clock-sensitive change during active clock edge at time 475.0 ns on register "|PC_reg|stack_reg4[12]"
Warning: Found clock-sensitive change during active clock edge at time 475.0 ns on register "|PC_reg|stack_reg4[8]"
Warning: Found clock-sensitive change during active clock edge at time 475.0 ns on register "|PC_reg|stack_reg4[2]"
Warning: Found clock-sensitive change during active clock edge at time 475.0 ns on register "|PC_reg|stack_reg5[1]"
Warning: Found clock-sensitive change during active clock edge at time 475.0 ns on register "|PC_reg|stack_reg6[4]"
Warning: Found clock-sensitive change during active clock edge at time 475.0 ns on register "|PC_reg|stack_reg7[10]"
Warning: Found clock-sensitive change during active clock edge at time 475.0 ns on register "|PC_reg|stack_reg7[7]"
Warning: Found clock-sensitive change during active clock edge at time 475.0 ns on register "|PC_reg|stack_reg7[6]"
Warning: Found clock-sensitive change during active clock edge at time 475.0 ns on register "|PC_reg|stack_reg7[5]"
Warning: Found clock-sensitive change during active clock edge at time 475.0 ns on register "|PC_reg|stack_reg7[3]"
Warning: Found clock-sensitive change during active clock edge at time 565.0 ns on register "|PC_reg|stack_reg4[9]"
Warning: Found clock-sensitive change during active clock edge at time 565.0 ns on register "|PC_reg|stack_reg5[12]"
Warning: Found clock-sensitive change during active clock edge at time 565.0 ns on register "|PC_reg|stack_reg5[8]"
Warning: Found clock-sensitive change during active clock edge at time 565.0 ns on register "|PC_reg|stack_reg5[2]"
Warning: Found clock-sensitive change during active clock edge at time 565.0 ns on register "|PC_reg|stack_reg6[1]"
Warning: Found clock-sensitive change during active clock edge at time 565.0 ns on register "|PC_reg|stack_reg7[4]"
Warning: Found clock-sensitive change during active clock edge at time 605.0 ns on register "|PC_reg|stack_reg5[9]"
Warning: Found clock-sensitive change during active clock edge at time 605.0 ns on register "|PC_reg|stack_reg6[12]"
Warning: Found clock-sensitive change during active clock edge at time 605.0 ns on register "|PC_reg|stack_reg6[8]"
Warning: Found clock-sensitive change during active clock edge at time 605.0 ns on register "|PC_reg|stack_reg6[2]"
Warning: Found clock-sensitive change during active clock edge at time 605.0 ns on register "|PC_reg|stack_reg7[1]"
Warning: Found clock-sensitive change during active clock edge at time 625.0 ns on register "|PC_reg|stack_reg6[9]"
Warning: Found clock-sensitive change during active clock edge at time 625.0 ns on register "|PC_reg|stack_reg7[12]"
Warning: Found clock-sensitive change during active clock edge at time 625.0 ns on register "|PC_reg|stack_reg7[9]"
Warning: Found clock-sensitive change during active clock edge at time 625.0 ns on register "|PC_reg|stack_reg7[8]"
Warning: Found clock-sensitive change during active clock edge at time 625.0 ns on register "|PC_reg|stack_reg7[2]"
Info: Simulation partitioned into 1 sub-simulations
Info: Simulation coverage is      90.33 %
Info: Number of transitions in simulation is 22418
Info: Vector file PC_reg.vwf is saved in VWF text format. You can compress it into CVWF format in order to reduce file size. For more details please refer to the Quartus II Help.
Info: Quartus II Simulator was successful. 0 errors, 142 warnings
    Info: Peak virtual memory: 142 megabytes
    Info: Processing ended: Mon Jun 27 16:28:30 2022
    Info: Elapsed time: 00:00:01
    Info: Total CPU time (on all processors): 00:00:00


